#
# There is insufficient memory for the Java Runtime Environment to continue.
# Native memory allocation (mmap) failed to map 262144 bytes for committing reserved memory.
# Possible reasons:
#   The system is out of physical RAM or swap space
#   The process is running with CompressedOops enabled, and the Java Heap may be blocking the growth of the native heap
# Possible solutions:
#   Reduce memory load on the system
#   Increase physical memory or swap space
#   Check if swap backing store is full
#   Decrease Java heap size (-Xmx/-Xms)
#   Decrease number of Java threads
#   Decrease Java thread stack sizes (-Xss)
#   Set larger code cache with -XX:ReservedCodeCacheSize=
#   JVM is running with Unscaled Compressed Oops mode in which the Java heap is
#     placed in the first 4GB address space. The Java Heap base address is the
#     maximum limit for the native heap growth. Please use -XX:HeapBaseMinAddress
#     to set the Java Heap base and to place the Java Heap above 4GB virtual address.
# This output file may be truncated or incomplete.
#
#  Out of Memory Error (os_linux.cpp:2977), pid=2088, tid=2116
#
# JRE version: Java(TM) SE Runtime Environment (15.0.1+9) (build 15.0.1+9-18)
# Java VM: Java HotSpot(TM) 64-Bit Server VM (15.0.1+9-18, mixed mode, sharing, tiered, compressed oops, serial gc, linux-amd64)
# No core dump will be written. Core dumps have been disabled. To enable core dumping, try "ulimit -c unlimited" before starting Java again
#

---------------  S U M M A R Y ------------

Command Line: -Dclassworlds.conf=/opt/maven/bin/m2.conf -Dmaven.home=/opt/maven -Dlibrary.jansi.path=/opt/maven/lib/jansi-native -Dmaven.multiModuleProjectDirectory=/root/cloud/quarkus-backend org.codehaus.plexus.classworlds.launcher.Launcher package clean

Host: Intel(R) Xeon(R) Gold 6140 CPU @ 2.30GHz, 1 cores, 996M, Debian GNU/Linux 9 (stretch)
Time: Sat Dec 19 20:32:32 2020 UTC elapsed time: 32.604486 seconds (0d 0h 0m 32s)

---------------  T H R E A D  ---------------

Current thread (0x00007ff3fa7eaeb0):  JavaThread "build-4" [_thread_in_vm, id=2116, stack(0x00007ff3e040d000,0x00007ff3e050e000)]

Stack: [0x00007ff3e040d000,0x00007ff3e050e000],  sp=0x00007ff3e0504a50,  free space=990k
Native frames: (J=compiled Java code, A=aot compiled Java code, j=interpreted, Vv=VM code, C=native code)
V  [libjvm.so+0xd62a77]  VMError::report_and_die(int, char const*, char const*, __va_list_tag*, Thread*, unsigned char*, void*, void*, char const*, int, unsigned long)+0x387
V  [libjvm.so+0xd6364d]  VMError::report_and_die(Thread*, char const*, int, unsigned long, VMErrorType, char const*, __va_list_tag*)+0x2d
V  [libjvm.so+0x562396]  report_vm_out_of_memory(char const*, int, unsigned long, VMErrorType, char const*, ...)+0xc6
V  [libjvm.so+0xb45f29]  os::pd_commit_memory(char*, unsigned long, unsigned long, bool)+0xd9
V  [libjvm.so+0xb3ebaf]  os::commit_memory(char*, unsigned long, unsigned long, bool)+0x1f
V  [libjvm.so+0xd5b9cb]  VirtualSpace::expand_by(unsigned long, bool)+0x15b
V  [libjvm.so+0xd5b1b0]  metaspace::VirtualSpaceNode::expand_by(unsigned long, unsigned long)+0x70
V  [libjvm.so+0xd5a0ea]  metaspace::VirtualSpaceList::expand_by(unsigned long, unsigned long)+0xba
V  [libjvm.so+0xd5a38b]  metaspace::VirtualSpaceList::get_new_chunk(unsigned long, unsigned long)+0x8b
V  [libjvm.so+0xc22bf8]  metaspace::SpaceManager::get_new_chunk(unsigned long)+0xa8
V  [libjvm.so+0xc232b7]  metaspace::SpaceManager::grow_and_allocate(unsigned long)+0x77
V  [libjvm.so+0xc234cb]  metaspace::SpaceManager::allocate(unsigned long)+0xdb
V  [libjvm.so+0xac54bf]  Metaspace::allocate(ClassLoaderData*, unsigned long, MetaspaceObj::Type, Thread*)+0x4f
V  [libjvm.so+0xad63ee]  Method::allocate(ClassLoaderData*, int, AccessFlags, InlineTableSizes*, ConstMethod::MethodType, Thread*)+0x6e
V  [libjvm.so+0x4e1691]  ClassFileParser::parse_method(ClassFileStream const*, bool, ConstantPool const*, AccessFlags*, Thread*)+0x1791
V  [libjvm.so+0x4e2119]  ClassFileParser::parse_methods(ClassFileStream const*, bool, AccessFlags*, bool*, bool*, Thread*)+0x1d9
V  [libjvm.so+0x4e5f2d]  ClassFileParser::parse_stream(ClassFileStream const*, Thread*) [clone .part.0]+0x60d
V  [libjvm.so+0x4e75ae]  ClassFileParser::ClassFileParser(ClassFileStream*, Symbol*, ClassLoaderData*, ClassLoadInfo const*, ClassFileParser::Publicity, Thread*)+0x35e
V  [libjvm.so+0x99a1d3]  KlassFactory::create_from_stream(ClassFileStream*, Symbol*, ClassLoaderData*, ClassLoadInfo const&, Thread*)+0x103
V  [libjvm.so+0xca5b1e]  SystemDictionary::resolve_from_stream(Symbol*, Handle, Handle, ClassFileStream*, Thread*)+0x12e
V  [libjvm.so+0x83de8e]  jvm_define_class_common(JNIEnv_*, char const*, _jobject*, signed char const*, int, _jobject*, char const*, Thread*)+0x1fe
V  [libjvm.so+0x83e21f]  JVM_DefineClassWithSource+0xaf
C  [libjava.so+0xd7b2]  Java_java_lang_ClassLoader_defineClass1+0x182
J 697  java.lang.ClassLoader.defineClass1(Ljava/lang/ClassLoader;Ljava/lang/String;[BIILjava/security/ProtectionDomain;Ljava/lang/String;)Ljava/lang/Class; java.base@15.0.1 (0 bytes) @ 0x00007ff3e88060dd [0x00007ff3e8805fa0+0x000000000000013d]
J 696 c1 java.lang.ClassLoader.defineClass(Ljava/lang/String;[BIILjava/security/ProtectionDomain;)Ljava/lang/Class; java.base@15.0.1 (43 bytes) @ 0x00007ff3e13ddc54 [0x00007ff3e13dd900+0x0000000000000354]
J 7609 c1 io.quarkus.bootstrap.classloading.QuarkusClassLoader.loadClass(Ljava/lang/String;Z)Ljava/lang/Class; (372 bytes) @ 0x00007ff3e1a010e4 [0x00007ff3e19ff6a0+0x0000000000001a44]
J 7255 c1 io.quarkus.bootstrap.classloading.QuarkusClassLoader.loadClass(Ljava/lang/String;)Ljava/lang/Class; (7 bytes) @ 0x00007ff3e12a9b24 [0x00007ff3e12a9aa0+0x0000000000000084]
v  ~StubRoutines::call_stub
V  [libjvm.so+0x773a29]  JavaCalls::call_helper(JavaValue*, methodHandle const&, JavaCallArguments*, Thread*)+0x299
V  [libjvm.so+0x775523]  JavaCalls::call_virtual(JavaValue*, Handle, Klass*, Symbol*, Symbol*, Handle, Thread*)+0x1e3
V  [libjvm.so+0xca762e]  SystemDictionary::load_instance_class(Symbol*, Handle, Thread*)+0x18e
V  [libjvm.so+0xca66c2]  SystemDictionary::resolve_instance_class_or_null(Symbol*, Handle, Handle, Thread*)+0x9e2
V  [libjvm.so+0xca6c1a]  SystemDictionary::resolve_super_or_fail(Symbol*, Symbol*, Handle, Handle, bool, Thread*)+0x26a
V  [libjvm.so+0x4e68ab]  ClassFileParser::post_process_parsed_stream(ClassFileStream const*, ConstantPool*, Thread*)+0x19b
V  [libjvm.so+0x99a1d3]  KlassFactory::create_from_stream(ClassFileStream*, Symbol*, ClassLoaderData*, ClassLoadInfo const&, Thread*)+0x103
V  [libjvm.so+0xca5b1e]  SystemDictionary::resolve_from_stream(Symbol*, Handle, Handle, ClassFileStream*, Thread*)+0x12e
V  [libjvm.so+0x83de8e]  jvm_define_class_common(JNIEnv_*, char const*, _jobject*, signed char const*, int, _jobject*, char const*, Thread*)+0x1fe
V  [libjvm.so+0x83e21f]  JVM_DefineClassWithSource+0xaf
C  [libjava.so+0xd7b2]  Java_java_lang_ClassLoader_defineClass1+0x182
J 697  java.lang.ClassLoader.defineClass1(Ljava/lang/ClassLoader;Ljava/lang/String;[BIILjava/security/ProtectionDomain;Ljava/lang/String;)Ljava/lang/Class; java.base@15.0.1 (0 bytes) @ 0x00007ff3e88060dd [0x00007ff3e8805fa0+0x000000000000013d]
J 696 c1 java.lang.ClassLoader.defineClass(Ljava/lang/String;[BIILjava/security/ProtectionDomain;)Ljava/lang/Class; java.base@15.0.1 (43 bytes) @ 0x00007ff3e13ddc54 [0x00007ff3e13dd900+0x0000000000000354]
J 7609 c1 io.quarkus.bootstrap.classloading.QuarkusClassLoader.loadClass(Ljava/lang/String;Z)Ljava/lang/Class; (372 bytes) @ 0x00007ff3e1a010e4 [0x00007ff3e19ff6a0+0x0000000000001a44]
J 7255 c1 io.quarkus.bootstrap.classloading.QuarkusClassLoader.loadClass(Ljava/lang/String;)Ljava/lang/Class; (7 bytes) @ 0x00007ff3e12a9b24 [0x00007ff3e12a9aa0+0x0000000000000084]
v  ~StubRoutines::call_stub
V  [libjvm.so+0x773a29]  JavaCalls::call_helper(JavaValue*, methodHandle const&, JavaCallArguments*, Thread*)+0x299
V  [libjvm.so+0x775523]  JavaCalls::call_virtual(JavaValue*, Handle, Klass*, Symbol*, Symbol*, Handle, Thread*)+0x1e3
V  [libjvm.so+0xca762e]  SystemDictionary::load_instance_class(Symbol*, Handle, Thread*)+0x18e
V  [libjvm.so+0xca66c2]  SystemDictionary::resolve_instance_class_or_null(Symbol*, Handle, Handle, Thread*)+0x9e2
V  [libjvm.so+0xca88fe]  SystemDictionary::resolve_or_fail(Symbol*, Handle, Handle, bool, Thread*)+0x5e
V  [libjvm.so+0xd391ec]  VerificationType::resolve_and_check_assignability(InstanceKlass*, Symbol*, Symbol*, bool, bool, bool, Thread*)+0x1cc
V  [libjvm.so+0xd398b8]  VerificationType::is_reference_assignable_from(VerificationType const&, ClassVerifier*, bool, Thread*) const+0xf8
V  [libjvm.so+0xd3f4d7]  ClassVerifier::verify_return_value(VerificationType, VerificationType, unsigned short, StackMapFrame*, Thread*)+0x347
V  [libjvm.so+0xd4887c]  ClassVerifier::verify_method(methodHandle const&, Thread*)+0x13fc
V  [libjvm.so+0xd4c8b0]  ClassVerifier::verify_class(Thread*)+0x110
V  [libjvm.so+0xd4cca2]  Verifier::verify(InstanceKlass*, bool, Thread*)+0x312
V  [libjvm.so+0x7508e3]  InstanceKlass::link_class_impl(Thread*)+0x3e3
V  [libjvm.so+0x750559]  InstanceKlass::link_class_impl(Thread*)+0x59
V  [libjvm.so+0x751fb3]  InstanceKlass::initialize_impl(Thread*)+0x143
V  [libjvm.so+0x76cd01]  InterpreterRuntime::_new(JavaThread*, ConstantPool*, int)+0x191
j  io.netty.buffer.UnpooledByteBufAllocator.newDirectBuffer(II)Lio/netty/buffer/ByteBuf;+26
j  io.netty.buffer.AbstractByteBufAllocator.directBuffer(II)Lio/netty/buffer/ByteBuf;+21
j  io.netty.buffer.AbstractByteBufAllocator.directBuffer(I)Lio/netty/buffer/ByteBuf;+4
j  io.netty.buffer.Unpooled.directBuffer(I)Lio/netty/buffer/ByteBuf;+4
j  io.netty.handler.codec.http.HttpObjectEncoder.<clinit>()V+32
v  ~StubRoutines::call_stub
V  [libjvm.so+0x773a29]  JavaCalls::call_helper(JavaValue*, methodHandle const&, JavaCallArguments*, Thread*)+0x299
V  [libjvm.so+0x751e01]  InstanceKlass::call_class_initializer(Thread*)+0x241
V  [libjvm.so+0x75224b]  InstanceKlass::initialize_impl(Thread*)+0x3db
V  [libjvm.so+0x83bcee]  find_class_from_class_loader(JNIEnv_*, Symbol*, unsigned char, Handle, Handle, unsigned char, Thread*)+0x7e
V  [libjvm.so+0x83e42e]  JVM_FindClassFromCaller+0x10e
C  [libjava.so+0xd3c7]  Java_java_lang_Class_forName0+0xd7
J 1073  java.lang.Class.forName0(Ljava/lang/String;ZLjava/lang/ClassLoader;Ljava/lang/Class;)Ljava/lang/Class; java.base@15.0.1 (0 bytes) @ 0x00007ff3e882ba27 [0x00007ff3e882b920+0x0000000000000107]
J 7457 c1 java.lang.Class.forName(Ljava/lang/String;)Ljava/lang/Class; java.base@15.0.1 (15 bytes) @ 0x00007ff3e1cdf0dc [0x00007ff3e1cdefc0+0x000000000000011c]
j  io.quarkus.netty.deployment.NettyProcessor.build()Lio/quarkus/deployment/builditem/nativeimage/NativeImageConfigBuildItem;+178
v  ~StubRoutines::call_stub
V  [libjvm.so+0x773a29]  JavaCalls::call_helper(JavaValue*, methodHandle const&, JavaCallArguments*, Thread*)+0x299
V  [libjvm.so+0xbd2d11]  invoke(InstanceKlass*, methodHandle const&, Handle, bool, objArrayHandle, BasicType, objArrayHandle, bool, Thread*) [clone .constprop.0]+0x7e1
V  [libjvm.so+0xbd3826]  Reflection::invoke_method(oopDesc*, Handle, objArrayHandle, Thread*)+0x106
V  [libjvm.so+0x83be38]  JVM_InvokeMethod+0x138
J 4984  jdk.internal.reflect.NativeMethodAccessorImpl.invoke0(Ljava/lang/reflect/Method;Ljava/lang/Object;[Ljava/lang/Object;)Ljava/lang/Object; java.base@15.0.1 (0 bytes) @ 0x00007ff3e89d7a20 [0x00007ff3e89d7920+0x0000000000000100]
J 4983 c1 jdk.internal.reflect.NativeMethodAccessorImpl.invoke(Ljava/lang/Object;[Ljava/lang/Object;)Ljava/lang/Object; java.base@15.0.1 (117 bytes) @ 0x00007ff3e1be9b74 [0x00007ff3e1be9020+0x0000000000000b54]
J 3254 c2 jdk.internal.reflect.DelegatingMethodAccessorImpl.invoke(Ljava/lang/Object;[Ljava/lang/Object;)Ljava/lang/Object; java.base@15.0.1 (10 bytes) @ 0x00007ff3e8910a44 [0x00007ff3e8910a00+0x0000000000000044]
J 7047 c1 java.lang.reflect.Method.invoke(Ljava/lang/Object;[Ljava/lang/Object;)Ljava/lang/Object; java.base@15.0.1 (65 bytes) @ 0x00007ff3e15ecf5c [0x00007ff3e15ece40+0x000000000000011c]
j  io.quarkus.deployment.ExtensionLoader$2.execute(Lio/quarkus/builder/BuildContext;)V+245
j  io.quarkus.builder.BuildContext.run()V+61
j  io.quarkus.builder.Execution$$Lambda$428+0x0000000800f3acd8.run()V+4
j  org.jboss.threads.ContextClassLoaderSavingRunnable.run()V+17
j  org.jboss.threads.EnhancedQueueExecutor.safeRun(Ljava/lang/Runnable;)V+14
j  org.jboss.threads.EnhancedQueueExecutor$ThreadBody.doRunTask(Ljava/lang/Runnable;)V+48
j  org.jboss.threads.EnhancedQueueExecutor$ThreadBody.run()V+168
j  java.lang.Thread.run()V+11 java.base@15.0.1
j  org.jboss.threads.JBossThread.run()V+12
v  ~StubRoutines::call_stub
V  [libjvm.so+0x773a29]  JavaCalls::call_helper(JavaValue*, methodHandle const&, JavaCallArguments*, Thread*)+0x299
V  [libjvm.so+0x77530b]  JavaCalls::call_virtual(JavaValue*, Handle, Klass*, Symbol*, Symbol*, Thread*)+0x1cb
V  [libjvm.so+0x82fb4d]  thread_entry(JavaThread*, Thread*)+0x6d
V  [libjvm.so+0xcf23de]  JavaThread::thread_main_inner()+0xde
V  [libjvm.so+0xcf724d]  Thread::call_run()+0xfd
V  [libjvm.so+0xb4a397]  thread_native_entry(Thread*)+0xe7

Java frames: (J=compiled Java code, j=interpreted, Vv=VM code)
J 697  java.lang.ClassLoader.defineClass1(Ljava/lang/ClassLoader;Ljava/lang/String;[BIILjava/security/ProtectionDomain;Ljava/lang/String;)Ljava/lang/Class; java.base@15.0.1 (0 bytes) @ 0x00007ff3e8806060 [0x00007ff3e8805fa0+0x00000000000000c0]
J 696 c1 java.lang.ClassLoader.defineClass(Ljava/lang/String;[BIILjava/security/ProtectionDomain;)Ljava/lang/Class; java.base@15.0.1 (43 bytes) @ 0x00007ff3e13ddc54 [0x00007ff3e13dd900+0x0000000000000354]
J 7609 c1 io.quarkus.bootstrap.classloading.QuarkusClassLoader.loadClass(Ljava/lang/String;Z)Ljava/lang/Class; (372 bytes) @ 0x00007ff3e1a010e4 [0x00007ff3e19ff6a0+0x0000000000001a44]
J 7255 c1 io.quarkus.bootstrap.classloading.QuarkusClassLoader.loadClass(Ljava/lang/String;)Ljava/lang/Class; (7 bytes) @ 0x00007ff3e12a9b24 [0x00007ff3e12a9aa0+0x0000000000000084]
v  ~StubRoutines::call_stub
J 697  java.lang.ClassLoader.defineClass1(Ljava/lang/ClassLoader;Ljava/lang/String;[BIILjava/security/ProtectionDomain;Ljava/lang/String;)Ljava/lang/Class; java.base@15.0.1 (0 bytes) @ 0x00007ff3e8806060 [0x00007ff3e8805fa0+0x00000000000000c0]
J 696 c1 java.lang.ClassLoader.defineClass(Ljava/lang/String;[BIILjava/security/ProtectionDomain;)Ljava/lang/Class; java.base@15.0.1 (43 bytes) @ 0x00007ff3e13ddc54 [0x00007ff3e13dd900+0x0000000000000354]
J 7609 c1 io.quarkus.bootstrap.classloading.QuarkusClassLoader.loadClass(Ljava/lang/String;Z)Ljava/lang/Class; (372 bytes) @ 0x00007ff3e1a010e4 [0x00007ff3e19ff6a0+0x0000000000001a44]
J 7255 c1 io.quarkus.bootstrap.classloading.QuarkusClassLoader.loadClass(Ljava/lang/String;)Ljava/lang/Class; (7 bytes) @ 0x00007ff3e12a9b24 [0x00007ff3e12a9aa0+0x0000000000000084]
v  ~StubRoutines::call_stub
j  io.netty.buffer.UnpooledByteBufAllocator.newDirectBuffer(II)Lio/netty/buffer/ByteBuf;+26
j  io.netty.buffer.AbstractByteBufAllocator.directBuffer(II)Lio/netty/buffer/ByteBuf;+21
j  io.netty.buffer.AbstractByteBufAllocator.directBuffer(I)Lio/netty/buffer/ByteBuf;+4
j  io.netty.buffer.Unpooled.directBuffer(I)Lio/netty/buffer/ByteBuf;+4
j  io.netty.handler.codec.http.HttpObjectEncoder.<clinit>()V+32
v  ~StubRoutines::call_stub
J 1073  java.lang.Class.forName0(Ljava/lang/String;ZLjava/lang/ClassLoader;Ljava/lang/Class;)Ljava/lang/Class; java.base@15.0.1 (0 bytes) @ 0x00007ff3e882b9aa [0x00007ff3e882b920+0x000000000000008a]
J 7457 c1 java.lang.Class.forName(Ljava/lang/String;)Ljava/lang/Class; java.base@15.0.1 (15 bytes) @ 0x00007ff3e1cdf0dc [0x00007ff3e1cdefc0+0x000000000000011c]
j  io.quarkus.netty.deployment.NettyProcessor.build()Lio/quarkus/deployment/builditem/nativeimage/NativeImageConfigBuildItem;+178
v  ~StubRoutines::call_stub
J 4984  jdk.internal.reflect.NativeMethodAccessorImpl.invoke0(Ljava/lang/reflect/Method;Ljava/lang/Object;[Ljava/lang/Object;)Ljava/lang/Object; java.base@15.0.1 (0 bytes) @ 0x00007ff3e89d79a7 [0x00007ff3e89d7920+0x0000000000000087]
J 4983 c1 jdk.internal.reflect.NativeMethodAccessorImpl.invoke(Ljava/lang/Object;[Ljava/lang/Object;)Ljava/lang/Object; java.base@15.0.1 (117 bytes) @ 0x00007ff3e1be9b74 [0x00007ff3e1be9020+0x0000000000000b54]
J 3254 c2 jdk.internal.reflect.DelegatingMethodAccessorImpl.invoke(Ljava/lang/Object;[Ljava/lang/Object;)Ljava/lang/Object; java.base@15.0.1 (10 bytes) @ 0x00007ff3e8910a44 [0x00007ff3e8910a00+0x0000000000000044]
J 7047 c1 java.lang.reflect.Method.invoke(Ljava/lang/Object;[Ljava/lang/Object;)Ljava/lang/Object; java.base@15.0.1 (65 bytes) @ 0x00007ff3e15ecf5c [0x00007ff3e15ece40+0x000000000000011c]
j  io.quarkus.deployment.ExtensionLoader$2.execute(Lio/quarkus/builder/BuildContext;)V+245
j  io.quarkus.builder.BuildContext.run()V+61
j  io.quarkus.builder.Execution$$Lambda$428+0x0000000800f3acd8.run()V+4
j  org.jboss.threads.ContextClassLoaderSavingRunnable.run()V+17
j  org.jboss.threads.EnhancedQueueExecutor.safeRun(Ljava/lang/Runnable;)V+14
j  org.jboss.threads.EnhancedQueueExecutor$ThreadBody.doRunTask(Ljava/lang/Runnable;)V+48
j  org.jboss.threads.EnhancedQueueExecutor$ThreadBody.run()V+168
j  java.lang.Thread.run()V+11 java.base@15.0.1
j  org.jboss.threads.JBossThread.run()V+12
v  ~StubRoutines::call_stub

---------------  P R O C E S S  ---------------

Threads class SMR info:
_java_thread_list=0x00007ff3dc040d80, length=33, elements={
0x00007ff3f8028950, 0x00007ff3f8061890, 0x00007ff3f8062fe0, 0x00007ff3f806d900,
0x00007ff3f806efa0, 0x00007ff3f8070bd0, 0x00007ff3f80723d0, 0x00007ff3f8073aa0,
0x00007ff3f80ac230, 0x00007ff3f80b44f0, 0x00007ff3fa7e8990, 0x00007ff3fa5d2b10,
0x00007ff3fa5d3970, 0x00007ff3fa7eaeb0, 0x00007ff3fa7ec060, 0x00007ff3fa7ed330,
0x00007ff3fa7ee5d0, 0x00007ff3fa7ef880, 0x00007ff3fa7f0f20, 0x00007ff3fa7f2780,
0x00007ff3fa7f3eb0, 0x00007ff3fa7f5150, 0x00007ff3fa7f6940, 0x00007ff3fa7f7ca0,
0x00007ff3fa7f9270, 0x00007ff3fa7fb470, 0x00007ff3fa800080, 0x00007ff3dc0357f0,
0x00007ff3fa803dc0, 0x00007ff3fa817910, 0x00007ff3dc03b310, 0x00007ff3dc03ed90,
0x00007ff3dc03a360
}

Java Threads: ( => current thread )
  0x00007ff3f8028950 JavaThread "main" [_thread_blocked, id=2100, stack(0x00007ff401a2c000,0x00007ff401b2d000)]
  0x00007ff3f8061890 JavaThread "Reference Handler" daemon [_thread_blocked, id=2102, stack(0x00007ff3fe2d4000,0x00007ff3fe3d5000)]
  0x00007ff3f8062fe0 JavaThread "Finalizer" daemon [_thread_blocked, id=2103, stack(0x00007ff3fe1d3000,0x00007ff3fe2d4000)]
  0x00007ff3f806d900 JavaThread "Signal Dispatcher" daemon [_thread_blocked, id=2104, stack(0x00007ff3fdf51000,0x00007ff3fe052000)]
  0x00007ff3f806efa0 JavaThread "Service Thread" daemon [_thread_blocked, id=2105, stack(0x00007ff3fde50000,0x00007ff3fdf51000)]
  0x00007ff3f8070bd0 JavaThread "C2 CompilerThread0" daemon [_thread_blocked, id=2106, stack(0x00007ff3fdd4f000,0x00007ff3fde50000)]
  0x00007ff3f80723d0 JavaThread "C1 CompilerThread0" daemon [_thread_blocked, id=2107, stack(0x00007ff3fdc4e000,0x00007ff3fdd4f000)]
  0x00007ff3f8073aa0 JavaThread "Sweeper thread" daemon [_thread_blocked, id=2108, stack(0x00007ff3fdb4d000,0x00007ff3fdc4e000)]
  0x00007ff3f80ac230 JavaThread "Notification Thread" daemon [_thread_blocked, id=2109, stack(0x00007ff3fda4c000,0x00007ff3fdb4d000)]
  0x00007ff3f80b44f0 JavaThread "Common-Cleaner" daemon [_thread_blocked, id=2111, stack(0x00007ff3fd849000,0x00007ff3fd94a000)]
  0x00007ff3fa7e8990 JavaThread "build-1" [_thread_blocked, id=2113, stack(0x00007ff3fc0c3000,0x00007ff3fc1c4000)]
  0x00007ff3fa5d2b10 JavaThread "build-2" [_thread_blocked, id=2114, stack(0x00007ff3e060f000,0x00007ff3e0710000)]
  0x00007ff3fa5d3970 JavaThread "build-3" [_thread_blocked, id=2115, stack(0x00007ff3e050e000,0x00007ff3e060f000)]
=>0x00007ff3fa7eaeb0 JavaThread "build-4" [_thread_in_vm, id=2116, stack(0x00007ff3e040d000,0x00007ff3e050e000)]
  0x00007ff3fa7ec060 JavaThread "build-5" [_thread_blocked, id=2117, stack(0x00007ff3e030c000,0x00007ff3e040d000)]
  0x00007ff3fa7ed330 JavaThread "build-6" [_thread_blocked, id=2118, stack(0x00007ff3e020b000,0x00007ff3e030c000)]
  0x00007ff3fa7ee5d0 JavaThread "build-7" [_thread_blocked, id=2119, stack(0x00007ff3e010a000,0x00007ff3e020b000)]
  0x00007ff3fa7ef880 JavaThread "build-8" [_thread_blocked, id=2120, stack(0x00007ff3e0009000,0x00007ff3e010a000)]
  0x00007ff3fa7f0f20 JavaThread "build-9" [_thread_blocked, id=2121, stack(0x00007ff3c3eff000,0x00007ff3c4000000)]
  0x00007ff3fa7f2780 JavaThread "build-10" [_thread_blocked, id=2122, stack(0x00007ff3c3dfe000,0x00007ff3c3eff000)]
  0x00007ff3fa7f3eb0 JavaThread "build-11" [_thread_blocked, id=2123, stack(0x00007ff3c3cfd000,0x00007ff3c3dfe000)]
  0x00007ff3fa7f5150 JavaThread "build-12" [_thread_blocked, id=2124, stack(0x00007ff3c3bfc000,0x00007ff3c3cfd000)]
  0x00007ff3fa7f6940 JavaThread "build-13" [_thread_blocked, id=2125, stack(0x00007ff3c3afb000,0x00007ff3c3bfc000)]
  0x00007ff3fa7f7ca0 JavaThread "build-14" [_thread_blocked, id=2126, stack(0x00007ff3c39fa000,0x00007ff3c3afb000)]
  0x00007ff3fa7f9270 JavaThread "build-15" [_thread_blocked, id=2127, stack(0x00007ff3c38f9000,0x00007ff3c39fa000)]
  0x00007ff3fa7fb470 JavaThread "build-16" [_thread_blocked, id=2128, stack(0x00007ff3c37f8000,0x00007ff3c38f9000)]
  0x00007ff3fa800080 JavaThread "build-17" [_thread_blocked, id=2129, stack(0x00007ff3c36f7000,0x00007ff3c37f8000)]
  0x00007ff3dc0357f0 JavaThread "build-19" [_thread_blocked, id=2130, stack(0x00007ff3c35f6000,0x00007ff3c36f7000)]
  0x00007ff3fa803dc0 JavaThread "build-18" [_thread_blocked, id=2131, stack(0x00007ff3c34f5000,0x00007ff3c35f6000)]
  0x00007ff3fa817910 JavaThread "build-20" [_thread_blocked, id=2132, stack(0x00007ff3c33f4000,0x00007ff3c34f5000)]
  0x00007ff3dc03b310 JavaThread "build-21" [_thread_blocked, id=2133, stack(0x00007ff3c32f3000,0x00007ff3c33f4000)]
  0x00007ff3dc03ed90 JavaThread "build-22" [_thread_blocked, id=2134, stack(0x00007ff3c31f2000,0x00007ff3c32f3000)]
  0x00007ff3dc03a360 JavaThread "build-23" [_thread_blocked, id=2135, stack(0x00007ff3c30f1000,0x00007ff3c31f2000)]

Other Threads:
  0x00007ff3f805ea80 VMThread "VM Thread" [stack: 0x00007ff3fe3d7000,0x00007ff3fe4d7000] [id=2101] _threads_hazard_ptr=0x00007ff3dc040d80
  0x00007ff3f80b2080 WatcherThread [stack: 0x00007ff3fd94c000,0x00007ff3fda4c000] [id=2110]

Threads with active compile tasks:
C2 CompilerThread0    33544 8228       4       org.objectweb.asm.Frame::merge (395 bytes)
C1 CompilerThread0    33550 8176       2       org.objectweb.asm.MethodVisitor::visitLineNumber (17 bytes)

VM state: synchronizing (normal execution)

VM Mutex/Monitor currently owned by a thread:  ([mutex/lock_event])
[0x00007ff3f8022330] MetaspaceExpand_lock - owner thread: 0x00007ff3fa7eaeb0
[0x00007ff3f8023300] Threads_lock - owner thread: 0x00007ff3f805ea80

Heap address: 0x00000000f0600000, size: 250 MB, Compressed Oops mode: 32-bit
CDS archive(s) mapped at: [0x0000000800000000-0x0000000800b35000-0x0000000800b35000), size 11751424, SharedBaseAddress: 0x0000000800000000, ArchiveRelocationMode: 0.
Compressed class space mapped at: 0x0000000800b38000-0x0000000840b38000, size: 1073741824
Narrow klass base: 0x0000000800000000, Narrow klass shift: 3, Narrow klass range: 0x100000000

GC Precious Log:
 CPUs: 1 total, 1 available
 Memory: 996M
 Large Page Support: Disabled
 NUMA Support: Disabled
 Compressed Oops: Enabled (32-bit)
 Heap Min Capacity: 8M
 Heap Initial Capacity: 16M
 Heap Max Capacity: 250M
 Pre-touch: Disabled

Heap:
 def new generation   total 45824K, used 18047K [0x00000000f0600000, 0x00000000f37b0000, 0x00000000f5950000)
  eden space 40768K,  34% used [0x00000000f0600000, 0x00000000f13d5f08, 0x00000000f2dd0000)
  from space 5056K,  76% used [0x00000000f32c0000, 0x00000000f3689da8, 0x00000000f37b0000)
  to   space 5056K,   0% used [0x00000000f2dd0000, 0x00000000f2dd0000, 0x00000000f32c0000)
 tenured generation   total 101688K, used 73180K [0x00000000f5950000, 0x00000000fbc9e000, 0x0000000100000000)
   the space 101688K,  71% used [0x00000000f5950000, 0x00000000fa0c7360, 0x00000000fa0c7400, 0x00000000fbc9e000)
 Metaspace       used 39680K, capacity 40360K, committed 40576K, reserved 1085440K
  class space    used 4442K, capacity 4710K, committed 4736K, reserved 1048576K

Card table byte_map: [0x00007ff401953000,0x00007ff4019d1000] _byte_map_base: 0x00007ff4011d0000

Polling page: 0x00007ff401b48000

Metaspace:

Usage:
  Non-class:     34.81 MB capacity,    34.41 MB ( 99%) used,   361.80 KB (  1%) free+waste,    49.75 KB ( <1%) overhead. 
      Class:      4.60 MB capacity,     4.34 MB ( 94%) used,   248.46 KB (  5%) free+waste,    19.31 KB ( <1%) overhead. 
       Both:     39.41 MB capacity,    38.75 MB ( 98%) used,   610.27 KB (  2%) free+waste,    69.06 KB ( <1%) overhead. 

Virtual space:
  Non-class space:       36.00 MB reserved,      35.00 MB ( 97%) committed 
      Class space:        1.00 GB reserved,       4.62 MB ( <1%) committed 
             Both:        1.04 GB reserved,      39.62 MB (  4%) committed 

Chunk freelists:
   Non-Class:  190.00 KB
       Class:  26.00 KB
        Both:  216.00 KB

MaxMetaspaceSize: 17179869184.00 GB
CompressedClassSpaceSize: 1.00 GB

CodeHeap 'non-profiled nmethods': size=120036Kb used=2752Kb max_used=2752Kb free=117283Kb
 bounds [0x00007ff3e87d9000, 0x00007ff3e8a99000, 0x00007ff3efd12000]
CodeHeap 'profiled nmethods': size=120032Kb used=12773Kb max_used=13492Kb free=107258Kb
 bounds [0x00007ff3e12a1000, 0x00007ff3e1fd1000, 0x00007ff3e87d9000]
CodeHeap 'non-nmethods': size=5692Kb used=1243Kb max_used=1293Kb free=4448Kb
 bounds [0x00007ff3e0d12000, 0x00007ff3e0f82000, 0x00007ff3e12a1000]
 total_blobs=7174 nmethods=6651 adapters=438
 compilation: enabled
              stopped_count=0, restarted_count=0
 full_count=0

Compilation events (20 events):
Event: 29.816 Thread 0x00007ff3f8070bd0 nmethod 8216 0x00007ff3e8a88b90 code [0x00007ff3e8a88d00, 0x00007ff3e8a88d98]
Event: 29.882 Thread 0x00007ff3f8070bd0 8225       4       java.util.HashSet::size (8 bytes)
Event: 29.919 Thread 0x00007ff3f80723d0 nmethod 8187 0x00007ff3e17d8910 code [0x00007ff3e17d8aa0, 0x00007ff3e17d8bc0]
Event: 29.980 Thread 0x00007ff3f80723d0 8212       2       org.objectweb.asm.Label::getCanonicalInstance (19 bytes)
Event: 30.068 Thread 0x00007ff3f80723d0 nmethod 8212 0x00007ff3e1a40a90 code [0x00007ff3e1a40c20, 0x00007ff3e1a40d30]
Event: 30.104 Thread 0x00007ff3f80723d0 8229       2       org.objectweb.asm.Label::resolve (219 bytes)
Event: 30.208 Thread 0x00007ff3f80723d0 nmethod 8229 0x00007ff3e1a40210 code [0x00007ff3e1a403c0, 0x00007ff3e1a40790]
Event: 30.238 Thread 0x00007ff3f80723d0 8231       2       org.objectweb.asm.Type::getArgumentsAndReturnSizes (140 bytes)
Event: 30.317 Thread 0x00007ff3f8070bd0 nmethod 8225 0x00007ff3e8a88e90 code [0x00007ff3e8a89000, 0x00007ff3e8a89078]
Event: 30.352 Thread 0x00007ff3f8070bd0 8228       4       org.objectweb.asm.Frame::merge (395 bytes)
Event: 30.449 Thread 0x00007ff3f80723d0 nmethod 8231 0x00007ff3e1a3eb90 code [0x00007ff3e1a3ee00, 0x00007ff3e1a3f930]
Event: 30.545 Thread 0x00007ff3f80723d0 8235       2       org.objectweb.asm.Type::getReturnTypeOffset (64 bytes)
Event: 31.625 Thread 0x00007ff3f80723d0 nmethod 8235 0x00007ff3e16eca90 code [0x00007ff3e16eccc0, 0x00007ff3e16ed490]
Event: 31.683 Thread 0x00007ff3f80723d0 8233       2       org.objectweb.asm.SymbolTable::addConstantMemberReference (147 bytes)
Event: 31.935 Thread 0x00007ff3f80723d0 nmethod 8233 0x00007ff3e16ebe90 code [0x00007ff3e16ec0c0, 0x00007ff3e16ec600]
Event: 31.969 Thread 0x00007ff3f80723d0 8190   !   2       io.quarkus.gizmo.GizmoClassVisitor::append (23 bytes)
Event: 32.124 Thread 0x00007ff3f80723d0 nmethod 8190 0x00007ff3e16eb710 code [0x00007ff3e16eb8c0, 0x00007ff3e16ebaf0]
Event: 32.173 Thread 0x00007ff3f80723d0 8191       2       io.quarkus.gizmo.NullWriter::write (1 bytes)
Event: 32.387 Thread 0x00007ff3f80723d0 nmethod 8191 0x00007ff3e1aebb90 code [0x00007ff3e1aebd20, 0x00007ff3e1aebe10]
Event: 32.458 Thread 0x00007ff3f80723d0 8210       2       org.objectweb.asm.Frame::getInputStackSize (6 bytes)

GC Heap History (20 events):
Event: 13.499 GC heap before
{Heap before GC invocations=51 (full 4):
 def new generation   total 33088K, used 33088K [0x00000000f0600000, 0x00000000f29e0000, 0x00000000f5950000)
  eden space 29440K, 100% used [0x00000000f0600000, 0x00000000f22c0000, 0x00000000f22c0000)
  from space 3648K, 100% used [0x00000000f22c0000, 0x00000000f2650000, 0x00000000f2650000)
  to   space 3648K,   0% used [0x00000000f2650000, 0x00000000f2650000, 0x00000000f29e0000)
 tenured generation   total 73460K, used 61601K [0x00000000f5950000, 0x00000000fa10d000, 0x0000000100000000)
   the space 73460K,  83% used [0x00000000f5950000, 0x00000000f95784b8, 0x00000000f9578600, 0x00000000fa10d000)
 Metaspace       used 28749K, capacity 29250K, committed 29696K, reserved 1075200K
  class space    used 3046K, capacity 3256K, committed 3328K, reserved 1048576K
}
Event: 13.523 GC heap after
{Heap after GC invocations=52 (full 4):
 def new generation   total 33088K, used 3543K [0x00000000f0600000, 0x00000000f29e0000, 0x00000000f5950000)
  eden space 29440K,   0% used [0x00000000f0600000, 0x00000000f0600000, 0x00000000f22c0000)
  from space 3648K,  97% used [0x00000000f2650000, 0x00000000f29c5d58, 0x00000000f29e0000)
  to   space 3648K,   0% used [0x00000000f22c0000, 0x00000000f22c0000, 0x00000000f2650000)
 tenured generation   total 73460K, used 65241K [0x00000000f5950000, 0x00000000fa10d000, 0x0000000100000000)
   the space 73460K,  88% used [0x00000000f5950000, 0x00000000f9906440, 0x00000000f9906600, 0x00000000fa10d000)
 Metaspace       used 28749K, capacity 29250K, committed 29696K, reserved 1075200K
  class space    used 3046K, capacity 3256K, committed 3328K, reserved 1048576K
}
Event: 13.761 GC heap before
{Heap before GC invocations=52 (full 4):
 def new generation   total 33088K, used 32983K [0x00000000f0600000, 0x00000000f29e0000, 0x00000000f5950000)
  eden space 29440K, 100% used [0x00000000f0600000, 0x00000000f22c0000, 0x00000000f22c0000)
  from space 3648K,  97% used [0x00000000f2650000, 0x00000000f29c5d58, 0x00000000f29e0000)
  to   space 3648K,   0% used [0x00000000f22c0000, 0x00000000f22c0000, 0x00000000f2650000)
 tenured generation   total 73460K, used 65241K [0x00000000f5950000, 0x00000000fa10d000, 0x0000000100000000)
   the space 73460K,  88% used [0x00000000f5950000, 0x00000000f9906440, 0x00000000f9906600, 0x00000000fa10d000)
 Metaspace       used 28770K, capacity 29250K, committed 29696K, reserved 1075200K
  class space    used 3046K, capacity 3256K, committed 3328K, reserved 1048576K
}
Event: 13.776 GC heap after
{Heap after GC invocations=53 (full 4):
 def new generation   total 33088K, used 2496K [0x00000000f0600000, 0x00000000f29e0000, 0x00000000f5950000)
  eden space 29440K,   0% used [0x00000000f0600000, 0x00000000f0600000, 0x00000000f22c0000)
  from space 3648K,  68% used [0x00000000f22c0000, 0x00000000f25300a8, 0x00000000f2650000)
  to   space 3648K,   0% used [0x00000000f2650000, 0x00000000f2650000, 0x00000000f29e0000)
 tenured generation   total 73460K, used 65462K [0x00000000f5950000, 0x00000000fa10d000, 0x0000000100000000)
   the space 73460K,  89% used [0x00000000f5950000, 0x00000000f993da28, 0x00000000f993dc00, 0x00000000fa10d000)
 Metaspace       used 28770K, capacity 29250K, committed 29696K, reserved 1075200K
  class space    used 3046K, capacity 3256K, committed 3328K, reserved 1048576K
}
Event: 14.045 GC heap before
{Heap before GC invocations=53 (full 4):
 def new generation   total 33088K, used 31936K [0x00000000f0600000, 0x00000000f29e0000, 0x00000000f5950000)
  eden space 29440K, 100% used [0x00000000f0600000, 0x00000000f22c0000, 0x00000000f22c0000)
  from space 3648K,  68% used [0x00000000f22c0000, 0x00000000f25300a8, 0x00000000f2650000)
  to   space 3648K,   0% used [0x00000000f2650000, 0x00000000f2650000, 0x00000000f29e0000)
 tenured generation   total 73460K, used 65462K [0x00000000f5950000, 0x00000000fa10d000, 0x0000000100000000)
   the space 73460K,  89% used [0x00000000f5950000, 0x00000000f993da28, 0x00000000f993dc00, 0x00000000fa10d000)
 Metaspace       used 28772K, capacity 29251K, committed 29696K, reserved 1075200K
  class space    used 3046K, capacity 3256K, committed 3328K, reserved 1048576K
}
Event: 14.046 GC heap after
{Heap after GC invocations=54 (full 4):
 def new generation   total 33088K, used 314K [0x00000000f0600000, 0x00000000f29e0000, 0x00000000f5950000)
  eden space 29440K,   0% used [0x00000000f0600000, 0x00000000f0600000, 0x00000000f22c0000)
  from space 3648K,   8% used [0x00000000f2650000, 0x00000000f269e808, 0x00000000f29e0000)
  to   space 3648K,   0% used [0x00000000f22c0000, 0x00000000f22c0000, 0x00000000f2650000)
 tenured generation   total 73460K, used 65532K [0x00000000f5950000, 0x00000000fa10d000, 0x0000000100000000)
   the space 73460K,  89% used [0x00000000f5950000, 0x00000000f994f3f8, 0x00000000f994f400, 0x00000000fa10d000)
 Metaspace       used 28772K, capacity 29251K, committed 29696K, reserved 1075200K
  class space    used 3046K, capacity 3256K, committed 3328K, reserved 1048576K
}
Event: 14.396 GC heap before
{Heap before GC invocations=54 (full 4):
 def new generation   total 33088K, used 29754K [0x00000000f0600000, 0x00000000f29e0000, 0x00000000f5950000)
  eden space 29440K, 100% used [0x00000000f0600000, 0x00000000f22c0000, 0x00000000f22c0000)
  from space 3648K,   8% used [0x00000000f2650000, 0x00000000f269e808, 0x00000000f29e0000)
  to   space 3648K,   0% used [0x00000000f22c0000, 0x00000000f22c0000, 0x00000000f2650000)
 tenured generation   total 73460K, used 65532K [0x00000000f5950000, 0x00000000fa10d000, 0x0000000100000000)
   the space 73460K,  89% used [0x00000000f5950000, 0x00000000f994f3f8, 0x00000000f994f400, 0x00000000fa10d000)
 Metaspace       used 28956K, capacity 29496K, committed 29952K, reserved 1075200K
  class space    used 3054K, capacity 3291K, committed 3328K, reserved 1048576K
}
Event: 14.423 GC heap after
{Heap after GC invocations=55 (full 4):
 def new generation   total 33088K, used 3648K [0x00000000f0600000, 0x00000000f29e0000, 0x00000000f5950000)
  eden space 29440K,   0% used [0x00000000f0600000, 0x00000000f0600000, 0x00000000f22c0000)
  from space 3648K, 100% used [0x00000000f22c0000, 0x00000000f2650000, 0x00000000f2650000)
  to   space 3648K,   0% used [0x00000000f2650000, 0x00000000f2650000, 0x00000000f29e0000)
 tenured generation   total 73460K, used 67892K [0x00000000f5950000, 0x00000000fa10d000, 0x0000000100000000)
   the space 73460K,  92% used [0x00000000f5950000, 0x00000000f9b9d2c0, 0x00000000f9b9d400, 0x00000000fa10d000)
 Metaspace       used 28956K, capacity 29496K, committed 29952K, reserved 1075200K
  class space    used 3054K, capacity 3291K, committed 3328K, reserved 1048576K
}
Event: 14.629 GC heap before
{Heap before GC invocations=55 (full 4):
 def new generation   total 33088K, used 16065K [0x00000000f0600000, 0x00000000f29e0000, 0x00000000f5950000)
  eden space 29440K,  42% used [0x00000000f0600000, 0x00000000f12206d8, 0x00000000f22c0000)
  from space 3648K, 100% used [0x00000000f22c0000, 0x00000000f2650000, 0x00000000f2650000)
  to   space 3648K,   0% used [0x00000000f2650000, 0x00000000f2650000, 0x00000000f29e0000)
 tenured generation   total 73460K, used 67892K [0x00000000f5950000, 0x00000000fa10d000, 0x0000000100000000)
   the space 73460K,  92% used [0x00000000f5950000, 0x00000000f9b9d2c0, 0x00000000f9b9d400, 0x00000000fa10d000)
 Metaspace       used 29823K, capacity 30276K, committed 30720K, reserved 1077248K
  class space    used 3142K, capacity 3359K, committed 3456K, reserved 1048576K
}
Event: 14.758 GC heap after
{Heap after GC invocations=56 (full 5):
 def new generation   total 45824K, used 0K [0x00000000f0600000, 0x00000000f37b0000, 0x00000000f5950000)
  eden space 40768K,   0% used [0x00000000f0600000, 0x00000000f0600000, 0x00000000f2dd0000)
  from space 5056K,   0% used [0x00000000f2dd0000, 0x00000000f2dd0000, 0x00000000f32c0000)
  to   space 5056K,   0% used [0x00000000f32c0000, 0x00000000f32c0000, 0x00000000f37b0000)
 tenured generation   total 101688K, used 61012K [0x00000000f5950000, 0x00000000fbc9e000, 0x0000000100000000)
   the space 101688K,  59% used [0x00000000f5950000, 0x00000000f94e5250, 0x00000000f94e5400, 0x00000000fbc9e000)
 Metaspace       used 29734K, capacity 30156K, committed 30720K, reserved 1077248K
  class space    used 3132K, capacity 3319K, committed 3456K, reserved 1048576K
}
Event: 15.433 GC heap before
{Heap before GC invocations=56 (full 5):
 def new generation   total 45824K, used 40768K [0x00000000f0600000, 0x00000000f37b0000, 0x00000000f5950000)
  eden space 40768K, 100% used [0x00000000f0600000, 0x00000000f2dd0000, 0x00000000f2dd0000)
  from space 5056K,   0% used [0x00000000f2dd0000, 0x00000000f2dd0000, 0x00000000f32c0000)
  to   space 5056K,   0% used [0x00000000f32c0000, 0x00000000f32c0000, 0x00000000f37b0000)
 tenured generation   total 101688K, used 61012K [0x00000000f5950000, 0x00000000fbc9e000, 0x0000000100000000)
   the space 101688K,  59% used [0x00000000f5950000, 0x00000000f94e5250, 0x00000000f94e5400, 0x00000000fbc9e000)
 Metaspace       used 30969K, capacity 31607K, committed 32128K, reserved 1077248K
  class space    used 3287K, capacity 3503K, committed 3584K, reserved 1048576K
}
Event: 15.450 GC heap after
{Heap after GC invocations=57 (full 5):
 def new generation   total 45824K, used 5056K [0x00000000f0600000, 0x00000000f37b0000, 0x00000000f5950000)
  eden space 40768K,   0% used [0x00000000f0600000, 0x00000000f0600000, 0x00000000f2dd0000)
  from space 5056K, 100% used [0x00000000f32c0000, 0x00000000f37b0000, 0x00000000f37b0000)
  to   space 5056K,   0% used [0x00000000f2dd0000, 0x00000000f2dd0000, 0x00000000f32c0000)
 tenured generation   total 101688K, used 62089K [0x00000000f5950000, 0x00000000fbc9e000, 0x0000000100000000)
   the space 101688K,  61% used [0x00000000f5950000, 0x00000000f95f2440, 0x00000000f95f2600, 0x00000000fbc9e000)
 Metaspace       used 30969K, capacity 31607K, committed 32128K, reserved 1077248K
  class space    used 3287K, capacity 3503K, committed 3584K, reserved 1048576K
}
Event: 15.741 GC heap before
{Heap before GC invocations=57 (full 5):
 def new generation   total 45824K, used 45824K [0x00000000f0600000, 0x00000000f37b0000, 0x00000000f5950000)
  eden space 40768K, 100% used [0x00000000f0600000, 0x00000000f2dd0000, 0x00000000f2dd0000)
  from space 5056K, 100% used [0x00000000f32c0000, 0x00000000f37b0000, 0x00000000f37b0000)
  to   space 5056K,   0% used [0x00000000f2dd0000, 0x00000000f2dd0000, 0x00000000f32c0000)
 tenured generation   total 101688K, used 62089K [0x00000000f5950000, 0x00000000fbc9e000, 0x0000000100000000)
   the space 101688K,  61% used [0x00000000f5950000, 0x00000000f95f2440, 0x00000000f95f2600, 0x00000000fbc9e000)
 Metaspace       used 30972K, capacity 31607K, committed 32128K, reserved 1077248K
  class space    used 3287K, capacity 3503K, committed 3584K, reserved 1048576K
}
Event: 15.758 GC heap after
{Heap after GC invocations=58 (full 5):
 def new generation   total 45824K, used 2758K [0x00000000f0600000, 0x00000000f37b0000, 0x00000000f5950000)
  eden space 40768K,   0% used [0x00000000f0600000, 0x00000000f0600000, 0x00000000f2dd0000)
  from space 5056K,  54% used [0x00000000f2dd0000, 0x00000000f3081a70, 0x00000000f32c0000)
  to   space 5056K,   0% used [0x00000000f32c0000, 0x00000000f32c0000, 0x00000000f37b0000)
 tenured generation   total 101688K, used 64030K [0x00000000f5950000, 0x00000000fbc9e000, 0x0000000100000000)
   the space 101688K,  62% used [0x00000000f5950000, 0x00000000f97d7ad8, 0x00000000f97d7c00, 0x00000000fbc9e000)
 Metaspace       used 30972K, capacity 31607K, committed 32128K, reserved 1077248K
  class space    used 3287K, capacity 3503K, committed 3584K, reserved 1048576K
}
Event: 16.278 GC heap before
{Heap before GC invocations=58 (full 5):
 def new generation   total 45824K, used 43526K [0x00000000f0600000, 0x00000000f37b0000, 0x00000000f5950000)
  eden space 40768K, 100% used [0x00000000f0600000, 0x00000000f2dd0000, 0x00000000f2dd0000)
  from space 5056K,  54% used [0x00000000f2dd0000, 0x00000000f3081a70, 0x00000000f32c0000)
  to   space 5056K,   0% used [0x00000000f32c0000, 0x00000000f32c0000, 0x00000000f37b0000)
 tenured generation   total 101688K, used 64030K [0x00000000f5950000, 0x00000000fbc9e000, 0x0000000100000000)
   the space 101688K,  62% used [0x00000000f5950000, 0x00000000f97d7ad8, 0x00000000f97d7c00, 0x00000000fbc9e000)
 Metaspace       used 30974K, capacity 31607K, committed 32128K, reserved 1077248K
  class space    used 3287K, capacity 3503K, committed 3584K, reserved 1048576K
}
Event: 16.301 GC heap after
{Heap after GC invocations=59 (full 5):
 def new generation   total 45824K, used 4906K [0x00000000f0600000, 0x00000000f37b0000, 0x00000000f5950000)
  eden space 40768K,   0% used [0x00000000f0600000, 0x00000000f0600000, 0x00000000f2dd0000)
  from space 5056K,  97% used [0x00000000f32c0000, 0x00000000f378aac0, 0x00000000f37b0000)
  to   space 5056K,   0% used [0x00000000f2dd0000, 0x00000000f2dd0000, 0x00000000f32c0000)
 tenured generation   total 101688K, used 64064K [0x00000000f5950000, 0x00000000fbc9e000, 0x0000000100000000)
   the space 101688K,  63% used [0x00000000f5950000, 0x00000000f97e0178, 0x00000000f97e0200, 0x00000000fbc9e000)
 Metaspace       used 30974K, capacity 31607K, committed 32128K, reserved 1077248K
  class space    used 3287K, capacity 3503K, committed 3584K, reserved 1048576K
}
Event: 17.939 GC heap before
{Heap before GC invocations=59 (full 5):
 def new generation   total 45824K, used 45674K [0x00000000f0600000, 0x00000000f37b0000, 0x00000000f5950000)
  eden space 40768K, 100% used [0x00000000f0600000, 0x00000000f2dd0000, 0x00000000f2dd0000)
  from space 5056K,  97% used [0x00000000f32c0000, 0x00000000f378aac0, 0x00000000f37b0000)
  to   space 5056K,   0% used [0x00000000f2dd0000, 0x00000000f2dd0000, 0x00000000f32c0000)
 tenured generation   total 101688K, used 64064K [0x00000000f5950000, 0x00000000fbc9e000, 0x0000000100000000)
   the space 101688K,  63% used [0x00000000f5950000, 0x00000000f97e0178, 0x00000000f97e0200, 0x00000000fbc9e000)
 Metaspace       used 35127K, capacity 35815K, committed 36224K, reserved 1081344K
  class space    used 3861K, capacity 4113K, committed 4224K, reserved 1048576K
}
Event: 17.980 GC heap after
{Heap after GC invocations=60 (full 5):
 def new generation   total 45824K, used 5056K [0x00000000f0600000, 0x00000000f37b0000, 0x00000000f5950000)
  eden space 40768K,   0% used [0x00000000f0600000, 0x00000000f0600000, 0x00000000f2dd0000)
  from space 5056K, 100% used [0x00000000f2dd0000, 0x00000000f32c0000, 0x00000000f32c0000)
  to   space 5056K,   0% used [0x00000000f32c0000, 0x00000000f32c0000, 0x00000000f37b0000)
 tenured generation   total 101688K, used 68248K [0x00000000f5950000, 0x00000000fbc9e000, 0x0000000100000000)
   the space 101688K,  67% used [0x00000000f5950000, 0x00000000f9bf6210, 0x00000000f9bf6400, 0x00000000fbc9e000)
 Metaspace       used 35127K, capacity 35815K, committed 36224K, reserved 1081344K
  class space    used 3861K, capacity 4113K, committed 4224K, reserved 1048576K
}
Event: 22.349 GC heap before
{Heap before GC invocations=60 (full 5):
 def new generation   total 45824K, used 45824K [0x00000000f0600000, 0x00000000f37b0000, 0x00000000f5950000)
  eden space 40768K, 100% used [0x00000000f0600000, 0x00000000f2dd0000, 0x00000000f2dd0000)
  from space 5056K, 100% used [0x00000000f2dd0000, 0x00000000f32c0000, 0x00000000f32c0000)
  to   space 5056K,   0% used [0x00000000f32c0000, 0x00000000f32c0000, 0x00000000f37b0000)
 tenured generation   total 101688K, used 68248K [0x00000000f5950000, 0x00000000fbc9e000, 0x0000000100000000)
   the space 101688K,  67% used [0x00000000f5950000, 0x00000000f9bf6210, 0x00000000f9bf6400, 0x00000000fbc9e000)
 Metaspace       used 39273K, capacity 40008K, committed 40320K, reserved 1085440K
  class space    used 4385K, capacity 4678K, committed 4736K, reserved 1048576K
}
Event: 22.462 GC heap after
{Heap after GC invocations=61 (full 5):
 def new generation   total 45824K, used 3879K [0x00000000f0600000, 0x00000000f37b0000, 0x00000000f5950000)
  eden space 40768K,   0% used [0x00000000f0600000, 0x00000000f0600000, 0x00000000f2dd0000)
  from space 5056K,  76% used [0x00000000f32c0000, 0x00000000f3689da8, 0x00000000f37b0000)
  to   space 5056K,   0% used [0x00000000f2dd0000, 0x00000000f2dd0000, 0x00000000f32c0000)
 tenured generation   total 101688K, used 73180K [0x00000000f5950000, 0x00000000fbc9e000, 0x0000000100000000)
   the space 101688K,  71% used [0x00000000f5950000, 0x00000000fa0c7360, 0x00000000fa0c7400, 0x00000000fbc9e000)
 Metaspace       used 39273K, capacity 40008K, committed 40320K, reserved 1085440K
  class space    used 4385K, capacity 4678K, committed 4736K, reserved 1048576K
}

Deoptimization events (20 events):
Event: 21.932 Thread 0x00007ff3fa7ed330 Uncommon trap: trap_request=0x0000001e fr.pc=0x00007ff3e88094e8 relative=0x00000000000008e8
Event: 21.932 Thread 0x00007ff3fa7ed330 Uncommon trap: reason=unloaded action=reinterpret pc=0x00007ff3e88094e8 method=java.util.zip.ZipFile.getZipEntry(Ljava/lang/String;I)Ljava/util/zip/ZipEntry; @ 87 c2
Event: 21.932 Thread 0x00007ff3fa7ed330 DEOPT PACKING pc=0x00007ff3e88094e8 sp=0x00007ff3e0309a00
Event: 21.937 Thread 0x00007ff3fa7ed330 DEOPT UNPACKING pc=0x00007ff3e0d60125 sp=0x00007ff3e0309930 mode 2
Event: 22.008 Thread 0x00007ff3fa7e8990 Uncommon trap: trap_request=0xffffff45 fr.pc=0x00007ff3e8a1ce68 relative=0x00000000000005a8
Event: 22.012 Thread 0x00007ff3fa7e8990 Uncommon trap: reason=unstable_if action=reinterpret pc=0x00007ff3e8a1ce68 method=java.util.regex.Matcher.reset()Ljava/util/regex/Matcher; @ 71 c2
Event: 22.016 Thread 0x00007ff3fa7e8990 DEOPT PACKING pc=0x00007ff3e8a1ce68 sp=0x00007ff3fc1c1d30
Event: 22.017 Thread 0x00007ff3fa7e8990 DEOPT UNPACKING pc=0x00007ff3e0d60125 sp=0x00007ff3fc1c1c10 mode 2
Event: 22.017 Thread 0x00007ff3fa7e8990 Uncommon trap: trap_request=0xffffff45 fr.pc=0x00007ff3e8a03610 relative=0x0000000000000170
Event: 22.017 Thread 0x00007ff3fa7e8990 Uncommon trap: reason=unstable_if action=reinterpret pc=0x00007ff3e8a03610 method=java.util.regex.Matcher.match(II)Z @ 76 c2
Event: 22.018 Thread 0x00007ff3fa7e8990 DEOPT PACKING pc=0x00007ff3e8a03610 sp=0x00007ff3fc1c1d50
Event: 22.018 Thread 0x00007ff3fa7e8990 DEOPT UNPACKING pc=0x00007ff3e0d60125 sp=0x00007ff3fc1c1cf8 mode 2
Event: 26.990 Thread 0x00007ff3fa5d3970 DEOPT PACKING pc=0x00007ff3e133e3c9 sp=0x00007ff3e060c930
Event: 27.025 Thread 0x00007ff3fa5d3970 DEOPT UNPACKING pc=0x00007ff3e0d5ff2b sp=0x00007ff3e060bdf0 mode 0
Event: 27.487 Thread 0x00007ff3fa5d3970 DEOPT PACKING pc=0x00007ff3e1acc809 sp=0x00007ff3e060c190
Event: 27.508 Thread 0x00007ff3fa5d3970 DEOPT UNPACKING pc=0x00007ff3e0d5ff2b sp=0x00007ff3e060b6c0 mode 0
Event: 29.834 Thread 0x00007ff3fa5d3970 Uncommon trap: trap_request=0xffffff45 fr.pc=0x00007ff3e8a88d74 relative=0x0000000000000074
Event: 29.842 Thread 0x00007ff3fa5d3970 Uncommon trap: reason=unstable_if action=reinterpret pc=0x00007ff3e8a88d74 method=org.objectweb.asm.Label.resolve([BI)Z @ 20 c2
Event: 29.843 Thread 0x00007ff3fa5d3970 DEOPT PACKING pc=0x00007ff3e8a88d74 sp=0x00007ff3e060c710
Event: 29.851 Thread 0x00007ff3fa5d3970 DEOPT UNPACKING pc=0x00007ff3e0d60125 sp=0x00007ff3e060c680 mode 2

Classes unloaded (20 events):
Event: 9.567 Thread 0x00007ff3f805ea80 Unloading class 0x0000000800ce4840 'org/apache/commons/cli/CommandLineParser'
Event: 9.567 Thread 0x00007ff3f805ea80 Unloading class 0x0000000800ce54a8 'org/apache/maven/cli/CLIManager'
Event: 9.567 Thread 0x00007ff3f805ea80 Unloading class 0x0000000800ce5248 'org/apache/commons/cli/ParseException'
Event: 9.567 Thread 0x00007ff3f805ea80 Unloading class 0x0000000800ce5040 'io/quarkus/bootstrap/resolver/maven/options/BootstrapMavenOptionsParser'
Event: 14.674 Thread 0x00007ff3f805ea80 Unloading class 0x0000000800e607b0 'org/apache/commons/cli/Util'
Event: 14.674 Thread 0x00007ff3f805ea80 Unloading class 0x0000000800e60510 'org/apache/commons/cli/CommandLine'
Event: 14.674 Thread 0x00007ff3f805ea80 Unloading class 0x0000000800e602a8 'org/apache/commons/cli/MissingOptionException'
Event: 14.674 Thread 0x00007ff3f805ea80 Unloading class 0x0000000800e60040 'org/apache/commons/cli/MissingArgumentException'
Event: 14.674 Thread 0x00007ff3f805ea80 Unloading class 0x0000000800de2d60 'org/apache/commons/cli/UnrecognizedOptionException'
Event: 14.674 Thread 0x00007ff3f805ea80 Unloading class 0x0000000800de2ad0 'org/apache/commons/cli/GnuParser'
Event: 14.674 Thread 0x00007ff3f805ea80 Unloading class 0x0000000800de2840 'org/apache/commons/cli/Parser'
Event: 14.674 Thread 0x00007ff3f805ea80 Unloading class 0x0000000800de3458 'org/apache/maven/cli/CleanArgument'
Event: 14.674 Thread 0x00007ff3f805ea80 Unloading class 0x0000000800de3250 'org/apache/commons/cli/OptionValidator'
Event: 14.674 Thread 0x00007ff3f805ea80 Unloading class 0x0000000800de3040 'org/apache/commons/cli/Option$Builder'
Event: 14.674 Thread 0x00007ff3f805ea80 Unloading class 0x0000000800de3cd0 'org/apache/commons/cli/Option'
Event: 14.674 Thread 0x00007ff3f805ea80 Unloading class 0x0000000800de3a40 'org/apache/commons/cli/Options'
Event: 14.674 Thread 0x00007ff3f805ea80 Unloading class 0x0000000800de3840 'org/apache/commons/cli/CommandLineParser'
Event: 14.674 Thread 0x00007ff3f805ea80 Unloading class 0x0000000800de44a8 'org/apache/maven/cli/CLIManager'
Event: 14.674 Thread 0x00007ff3f805ea80 Unloading class 0x0000000800de4248 'org/apache/commons/cli/ParseException'
Event: 14.674 Thread 0x00007ff3f805ea80 Unloading class 0x0000000800de4040 'io/quarkus/bootstrap/resolver/maven/options/BootstrapMavenOptionsParser'

Classes redefined (0 events):
No events

Internal exceptions (20 events):
Event: 16.758 Thread 0x00007ff3f8028950 Exception <a 'java/lang/NoSuchMethodError'{0x00000000f15f2f58}: 'java.lang.Object java.lang.invoke.Invokers$Holder.invokeExact_MT(java.lang.Object, java.lang.Object, java.lang.Object, java.lang.Object, java.lang.Object, java.lang.Object)'> (0x00000000f15f2f58) 
thrown [open/src/hotspot/share/interpreter/linkResolver.cpp, line 781]
Event: 16.765 Thread 0x00007ff3f8028950 Exception <a 'java/lang/NoSuchMethodError'{0x00000000f1621518}: 'int java.lang.invoke.DirectMethodHandle$Holder.invokeStaticInit(java.lang.Object, java.lang.Object, java.lang.Object)'> (0x00000000f1621518) 
thrown [open/src/hotspot/share/interpreter/linkResolver.cpp, line 781]
Event: 16.812 Thread 0x00007ff3f8028950 Exception <a 'java/lang/NoSuchMethodError'{0x00000000f170ce78}: 'void java.lang.invoke.DirectMethodHandle$Holder.invokeStatic(java.lang.Object, java.lang.Object, java.lang.Object, java.lang.Object)'> (0x00000000f170ce78) 
thrown [open/src/hotspot/share/interpreter/linkResolver.cpp, line 781]
Event: 16.840 Thread 0x00007ff3f8028950 Exception <a 'java/lang/NoSuchMethodError'{0x00000000f17f77e0}: 'java.lang.Object java.lang.invoke.DirectMethodHandle$Holder.newInvokeSpecial(java.lang.Object, java.lang.Object, java.lang.Object, int, java.lang.Object)'> (0x00000000f17f77e0) 
thrown [open/src/hotspot/share/interpreter/linkResolver.cpp, line 781]
Event: 16.841 Thread 0x00007ff3f8028950 Exception <a 'java/lang/NoSuchMethodError'{0x00000000f1802ee0}: 'void java.lang.invoke.DirectMethodHandle$Holder.invokeInterface(java.lang.Object, java.lang.Object, java.lang.Object, java.lang.Object)'> (0x00000000f1802ee0) 
thrown [open/src/hotspot/share/interpreter/linkResolver.cpp, line 781]
Event: 17.337 Thread 0x00007ff3f8028950 Exception <a 'java/lang/NoSuchMethodError'{0x00000000f2253b50}: 'void java.lang.invoke.DirectMethodHandle$Holder.invokeSpecialIFC(java.lang.Object, java.lang.Object, java.lang.Object, java.lang.Object, java.lang.Object)'> (0x00000000f2253b50) 
thrown [open/src/hotspot/share/interpreter/linkResolver.cpp, line 781]
Event: 17.364 Thread 0x00007ff3f8028950 Exception <a 'java/lang/NoSuchMethodError'{0x00000000f22c71e0}: 'int java.lang.invoke.DirectMethodHandle$Holder.invokeStatic(java.lang.Object)'> (0x00000000f22c71e0) 
thrown [open/src/hotspot/share/interpreter/linkResolver.cpp, line 781]
Event: 17.377 Thread 0x00007ff3f8028950 Exception <a 'java/lang/NoSuchMethodError'{0x00000000f22d0d30}: 'void java.lang.invoke.DirectMethodHandle$Holder.invokeSpecialIFC(java.lang.Object, java.lang.Object, java.lang.Object, java.lang.Object)'> (0x00000000f22d0d30) 
thrown [open/src/hotspot/share/interpreter/linkResolver.cpp, line 781]
Event: 17.428 Thread 0x00007ff3f8028950 Exception <a 'java/lang/NoSuchMethodError'{0x00000000f238b750}: 'java.lang.Object java.lang.invoke.DirectMethodHandle$Holder.newInvokeSpecial(java.lang.Object, java.lang.Object, int)'> (0x00000000f238b750) 
thrown [open/src/hotspot/share/interpreter/linkResolver.cpp, line 781]
Event: 18.503 Thread 0x00007ff3fa7e8990 Exception <a 'java/lang/NoSuchMethodError'{0x00000000f097e728}: 'int java.lang.invoke.DirectMethodHandle$Holder.invokeStatic(java.lang.Object, java.lang.Object, java.lang.Object, java.lang.Object, java.lang.Object)'> (0x00000000f097e728) 
thrown [open/src/hotspot/share/interpreter/linkResolver.cpp, line 781]
Event: 18.724 Thread 0x00007ff3fa7f7ca0 Exception <a 'java/lang/IncompatibleClassChangeError'{0x00000000f0bf9e88}: Found class java.lang.Object, but interface was expected> (0x00000000f0bf9e88) 
thrown [open/src/hotspot/share/interpreter/linkResolver.cpp, line 848]
Event: 18.724 Thread 0x00007ff3dc03a360 Exception <a 'java/lang/IncompatibleClassChangeError'{0x00000000f1131810}: Found class java.lang.Object, but interface was expected> (0x00000000f1131810) 
thrown [open/src/hotspot/share/interpreter/linkResolver.cpp, line 848]
Event: 18.724 Thread 0x00007ff3fa7f3eb0 Exception <a 'java/lang/IncompatibleClassChangeError'{0x00000000f0ac9a70}: Found class java.lang.Object, but interface was expected> (0x00000000f0ac9a70) 
thrown [open/src/hotspot/share/interpreter/linkResolver.cpp, line 848]
Event: 18.724 Thread 0x00007ff3fa7f2780 Exception <a 'java/lang/IncompatibleClassChangeError'{0x00000000f0a77118}: Found class java.lang.Object, but interface was expected> (0x00000000f0a77118) 
thrown [open/src/hotspot/share/interpreter/linkResolver.cpp, line 848]
Event: 18.724 Thread 0x00007ff3fa800080 Exception <a 'java/lang/IncompatibleClassChangeError'{0x00000000f0d900c8}: Found class java.lang.Object, but interface was expected> (0x00000000f0d900c8) 
thrown [open/src/hotspot/share/interpreter/linkResolver.cpp, line 848]
Event: 18.724 Thread 0x00007ff3fa7ef880 Exception <a 'java/lang/IncompatibleClassChangeError'{0x00000000f12241c8}: Found class java.lang.Object, but interface was expected> (0x00000000f12241c8) 
thrown [open/src/hotspot/share/interpreter/linkResolver.cpp, line 848]
Event: 18.746 Thread 0x00007ff3fa7ee5d0 Exception <a 'java/lang/NoSuchMethodError'{0x00000000f08fbe70}: 'java.lang.Object java.lang.invoke.DirectMethodHandle$Holder.invokeStatic(java.lang.Object, java.lang.Object, int)'> (0x00000000f08fbe70) 
thrown [open/src/hotspot/share/interpreter/linkResolver.cpp, line 781]
Event: 18.834 Thread 0x00007ff3fa7ee5d0 Exception <a 'java/lang/NoSuchMethodError'{0x00000000f0903660}: 'void java.lang.invoke.DelegatingMethodHandle$Holder.delegate(java.lang.Object, java.lang.Object, int, java.lang.Object)'> (0x00000000f0903660) 
thrown [open/src/hotspot/share/interpreter/linkResolver.cpp, line 781]
Event: 22.164 Thread 0x00007ff3fa7eaeb0 Exception <a 'java/lang/NoSuchMethodError'{0x00000000f1dc2020}: 'java.lang.Object java.lang.invoke.DirectMethodHandle$Holder.invokeStaticInit(java.lang.Object, java.lang.Object, java.lang.Object)'> (0x00000000f1dc2020) 
thrown [open/src/hotspot/share/interpreter/linkResolver.cpp, line 781]
Event: 22.217 Thread 0x00007ff3fa7eaeb0 Exception <a 'java/lang/NoSuchMethodError'{0x00000000f2d3efa0}: 'void java.lang.invoke.DirectMethodHandle$Holder.invokeStatic(java.lang.Object, java.lang.Object, java.lang.Object, java.lang.Object, java.lang.Object, java.lang.Object)'> (0x00000000f2d3efa0) 
thrown [open/src/hotspot/share/interpreter/linkResolver.cpp, line 781]

Events (20 events):
Event: 23.855 loading class java/util/stream/ReduceOps$2
Event: 23.924 loading class java/util/stream/ReduceOps$2 done
Event: 23.951 loading class java/util/stream/ReduceOps$2ReducingSink
Event: 24.178 loading class java/util/stream/ReduceOps$2ReducingSink done
Event: 24.335 loading class sun/management/RuntimeImpl
Event: 24.383 loading class sun/management/RuntimeImpl done
Event: 24.870 loading class sun/management/Util
Event: 24.935 loading class sun/management/Util done
Event: 24.970 loading class java/lang/management/ManagementPermission
Event: 25.034 loading class java/lang/management/ManagementPermission done
Event: 26.639 loading class java/util/stream/ReduceOps$5
Event: 26.724 loading class java/util/stream/ReduceOps$5 done
Event: 26.811 loading class java/util/stream/ReduceOps$CountingSink$OfRef
Event: 26.902 loading class java/util/stream/ReduceOps$CountingSink
Event: 27.126 loading class java/util/stream/ReduceOps$CountingSink done
Event: 27.199 loading class java/util/stream/ReduceOps$CountingSink$OfRef done
Event: 27.371 loading class java/nio/ReadOnlyBufferException
Event: 27.401 loading class java/nio/ReadOnlyBufferException done
Event: 31.884 loading class java/nio/channels/ClosedChannelException
Event: 31.971 loading class java/nio/channels/ClosedChannelException done


Dynamic libraries:
f0600000-f37b0000 rw-p 00000000 00:00 0 
f37b0000-f5950000 ---p 00000000 00:00 0 
f5950000-fbc9e000 rw-p 00000000 00:00 0 
fbc9e000-100000000 ---p 00000000 00:00 0 
800000000-800003000 rwxp 00001000 fe:01 956054                           /usr/lib/jvm/jdk-15.0.1/lib/server/classes.jsa
800003000-8003e7000 rw-p 00004000 fe:01 956054                           /usr/lib/jvm/jdk-15.0.1/lib/server/classes.jsa
8003e7000-800b35000 r--p 003e8000 fe:01 956054                           /usr/lib/jvm/jdk-15.0.1/lib/server/classes.jsa
800b35000-800b38000 ---p 00000000 00:00 0 
800b38000-800fd8000 rw-p 00000000 00:00 0 
800fd8000-840b38000 ---p 00000000 00:00 0 
55df257a3000-55df257a4000 r-xp 00000000 fe:01 823879                     /usr/lib/jvm/jdk-15.0.1/bin/java
55df257a5000-55df257a6000 r--p 00001000 fe:01 823879                     /usr/lib/jvm/jdk-15.0.1/bin/java
55df257a6000-55df257a7000 rw-p 00002000 fe:01 823879                     /usr/lib/jvm/jdk-15.0.1/bin/java
55df26aff000-55df26b8d000 rw-p 00000000 00:00 0                          [heap]
7ff3c2cf0000-7ff3c2df0000 rw-p 00000000 00:00 0 
7ff3c2e30000-7ff3c2ef0000 ---p 00000000 00:00 0 
7ff3c2ef0000-7ff3c30f0000 rw-p 00000000 00:00 0 
7ff3c30f1000-7ff3c30f5000 ---p 00000000 00:00 0 
7ff3c30f5000-7ff3c31f2000 rw-p 00000000 00:00 0 
7ff3c31f2000-7ff3c31f6000 ---p 00000000 00:00 0 
7ff3c31f6000-7ff3c32f3000 rw-p 00000000 00:00 0 
7ff3c32f3000-7ff3c32f7000 ---p 00000000 00:00 0 
7ff3c32f7000-7ff3c33f4000 rw-p 00000000 00:00 0 
7ff3c33f4000-7ff3c33f8000 ---p 00000000 00:00 0 
7ff3c33f8000-7ff3c34f5000 rw-p 00000000 00:00 0 
7ff3c34f5000-7ff3c34f9000 ---p 00000000 00:00 0 
7ff3c34f9000-7ff3c35f6000 rw-p 00000000 00:00 0 
7ff3c35f6000-7ff3c35fa000 ---p 00000000 00:00 0 
7ff3c35fa000-7ff3c36f7000 rw-p 00000000 00:00 0 
7ff3c36f7000-7ff3c36fb000 ---p 00000000 00:00 0 
7ff3c36fb000-7ff3c37f8000 rw-p 00000000 00:00 0 
7ff3c37f8000-7ff3c37fc000 ---p 00000000 00:00 0 
7ff3c37fc000-7ff3c38f9000 rw-p 00000000 00:00 0 
7ff3c38f9000-7ff3c38fd000 ---p 00000000 00:00 0 
7ff3c38fd000-7ff3c39fa000 rw-p 00000000 00:00 0 
7ff3c39fa000-7ff3c39fe000 ---p 00000000 00:00 0 
7ff3c39fe000-7ff3c3afb000 rw-p 00000000 00:00 0 
7ff3c3afb000-7ff3c3aff000 ---p 00000000 00:00 0 
7ff3c3aff000-7ff3c3bfc000 rw-p 00000000 00:00 0 
7ff3c3bfc000-7ff3c3c00000 ---p 00000000 00:00 0 
7ff3c3c00000-7ff3c3cfd000 rw-p 00000000 00:00 0 
7ff3c3cfd000-7ff3c3d01000 ---p 00000000 00:00 0 
7ff3c3d01000-7ff3c3dfe000 rw-p 00000000 00:00 0 
7ff3c3dfe000-7ff3c3e02000 ---p 00000000 00:00 0 
7ff3c3e02000-7ff3c3eff000 rw-p 00000000 00:00 0 
7ff3c3eff000-7ff3c3f03000 ---p 00000000 00:00 0 
7ff3c3f03000-7ff3c4000000 rw-p 00000000 00:00 0 
7ff3c4000000-7ff3c5818000 rw-p 00000000 00:00 0 
7ff3c5818000-7ff3c8000000 ---p 00000000 00:00 0 
7ff3c8000000-7ff3c8aa0000 rw-p 00000000 00:00 0 
7ff3c8aa0000-7ff3cc000000 ---p 00000000 00:00 0 
7ff3cc000000-7ff3cc02f000 rw-p 00000000 00:00 0 
7ff3cc02f000-7ff3d0000000 ---p 00000000 00:00 0 
7ff3d0000000-7ff3d005e000 rw-p 00000000 00:00 0 
7ff3d005e000-7ff3d4000000 ---p 00000000 00:00 0 
7ff3d4000000-7ff3d4048000 rw-p 00000000 00:00 0 
7ff3d4048000-7ff3d8000000 ---p 00000000 00:00 0 
7ff3d8000000-7ff3d8059000 rw-p 00000000 00:00 0 
7ff3d8059000-7ff3dc000000 ---p 00000000 00:00 0 
7ff3dc000000-7ff3dc0c3000 rw-p 00000000 00:00 0 
7ff3dc0c3000-7ff3e0000000 ---p 00000000 00:00 0 
7ff3e0009000-7ff3e000d000 ---p 00000000 00:00 0 
7ff3e000d000-7ff3e010a000 rw-p 00000000 00:00 0 
7ff3e010a000-7ff3e010e000 ---p 00000000 00:00 0 
7ff3e010e000-7ff3e020b000 rw-p 00000000 00:00 0 
7ff3e020b000-7ff3e020f000 ---p 00000000 00:00 0 
7ff3e020f000-7ff3e030c000 rw-p 00000000 00:00 0 
7ff3e030c000-7ff3e0310000 ---p 00000000 00:00 0 
7ff3e0310000-7ff3e040d000 rw-p 00000000 00:00 0 
7ff3e040d000-7ff3e0411000 ---p 00000000 00:00 0 
7ff3e0411000-7ff3e050e000 rw-p 00000000 00:00 0 
7ff3e050e000-7ff3e0512000 ---p 00000000 00:00 0 
7ff3e0512000-7ff3e060f000 rw-p 00000000 00:00 0 
7ff3e060f000-7ff3e0613000 ---p 00000000 00:00 0 
7ff3e0613000-7ff3e0710000 rw-p 00000000 00:00 0 
7ff3e0710000-7ff3e0910000 rw-p 00000000 00:00 0 
7ff3e0910000-7ff3e0b10000 rw-p 00000000 00:00 0 
7ff3e0b10000-7ff3e0d10000 rw-p 00000000 00:00 0 
7ff3e0d12000-7ff3e0f82000 rwxp 00000000 00:00 0 
7ff3e0f82000-7ff3e12a1000 ---p 00000000 00:00 0 
7ff3e12a1000-7ff3e1fd1000 rwxp 00000000 00:00 0 
7ff3e1fd1000-7ff3e87d9000 ---p 00000000 00:00 0 
7ff3e87d9000-7ff3e8a99000 rwxp 00000000 00:00 0 
7ff3e8a99000-7ff3efd12000 ---p 00000000 00:00 0 
7ff3efd12000-7ff3f8000000 r--s 00000000 fe:01 824074                     /usr/lib/jvm/jdk-15.0.1/lib/modules
7ff3f8000000-7ff3fabc3000 rw-p 00000000 00:00 0 
7ff3fabc3000-7ff3fc000000 ---p 00000000 00:00 0 
7ff3fc0bc000-7ff3fc0c1000 r-xp 00000000 fe:01 824062                     /usr/lib/jvm/jdk-15.0.1/lib/libmanagement_ext.so
7ff3fc0c1000-7ff3fc0c2000 r--p 00004000 fe:01 824062                     /usr/lib/jvm/jdk-15.0.1/lib/libmanagement_ext.so
7ff3fc0c2000-7ff3fc0c3000 rw-p 00005000 fe:01 824062                     /usr/lib/jvm/jdk-15.0.1/lib/libmanagement_ext.so
7ff3fc0c3000-7ff3fc0c7000 ---p 00000000 00:00 0 
7ff3fc0c7000-7ff3fc1c4000 rw-p 00000000 00:00 0 
7ff3fc1c4000-7ff3fc3c4000 rw-p 00000000 00:00 0 
7ff3fc3c4000-7ff3fc5c4000 rw-p 00000000 00:00 0 
7ff3fc5c4000-7ff3fc7c4000 rw-p 00000000 00:00 0 
7ff3fc7c4000-7ff3fc9c4000 rw-p 00000000 00:00 0 
7ff3fc9c4000-7ff3fcbc4000 rw-p 00000000 00:00 0 
7ff3fcbc4000-7ff3fcdc4000 rw-p 00000000 00:00 0 
7ff3fcdc4000-7ff3fcfc4000 rw-p 00000000 00:00 0 
7ff3fcfc4000-7ff3fd1c4000 rw-p 00000000 00:00 0 
7ff3fd1c4000-7ff3fd3c4000 rw-p 00000000 00:00 0 
7ff3fd3c4000-7ff3fd3c6000 r-xp 00000000 fe:01 3112                       /lib/x86_64-linux-gnu/libutil-2.24.so
7ff3fd3c6000-7ff3fd5c5000 ---p 00002000 fe:01 3112                       /lib/x86_64-linux-gnu/libutil-2.24.so
7ff3fd5c5000-7ff3fd5c6000 r--p 00001000 fe:01 3112                       /lib/x86_64-linux-gnu/libutil-2.24.so
7ff3fd5c6000-7ff3fd5c7000 rw-p 00002000 fe:01 3112                       /lib/x86_64-linux-gnu/libutil-2.24.so
7ff3fd5ca000-7ff3fd5ce000 r-xp 00000000 fe:01 824060                     /usr/lib/jvm/jdk-15.0.1/lib/libmanagement.so
7ff3fd5ce000-7ff3fd5cf000 r--p 00003000 fe:01 824060                     /usr/lib/jvm/jdk-15.0.1/lib/libmanagement.so
7ff3fd5cf000-7ff3fd5d0000 rw-p 00004000 fe:01 824060                     /usr/lib/jvm/jdk-15.0.1/lib/libmanagement.so
7ff3fd5d0000-7ff3fd5d3000 r-xp 00000000 fe:01 47661                      /opt/apache-maven-3.6.3/lib/jansi-native/linux64/libjansi.so
7ff3fd5d3000-7ff3fd7d2000 ---p 00003000 fe:01 47661                      /opt/apache-maven-3.6.3/lib/jansi-native/linux64/libjansi.so
7ff3fd7d2000-7ff3fd7d3000 rw-p 00002000 fe:01 47661                      /opt/apache-maven-3.6.3/lib/jansi-native/linux64/libjansi.so
7ff3fd7d3000-7ff3fd7e0000 r-xp 00000000 fe:01 824072                     /usr/lib/jvm/jdk-15.0.1/lib/libverify.so
7ff3fd7e0000-7ff3fd7e2000 r--p 0000c000 fe:01 824072                     /usr/lib/jvm/jdk-15.0.1/lib/libverify.so
7ff3fd7e2000-7ff3fd7e3000 rw-p 0000e000 fe:01 824072                     /usr/lib/jvm/jdk-15.0.1/lib/libverify.so
7ff3fd7e3000-7ff3fd7ea000 r-xp 00000000 fe:01 824073                     /usr/lib/jvm/jdk-15.0.1/lib/libzip.so
7ff3fd7ea000-7ff3fd7eb000 ---p 00007000 fe:01 824073                     /usr/lib/jvm/jdk-15.0.1/lib/libzip.so
7ff3fd7eb000-7ff3fd7ec000 r--p 00007000 fe:01 824073                     /usr/lib/jvm/jdk-15.0.1/lib/libzip.so
7ff3fd7ec000-7ff3fd7ed000 rw-p 00008000 fe:01 824073                     /usr/lib/jvm/jdk-15.0.1/lib/libzip.so
7ff3fd7ed000-7ff3fd81e000 rw-p 00000000 00:00 0 
7ff3fd81e000-7ff3fd833000 r-xp 00000000 fe:01 824064                     /usr/lib/jvm/jdk-15.0.1/lib/libnet.so
7ff3fd833000-7ff3fd834000 r--p 00014000 fe:01 824064                     /usr/lib/jvm/jdk-15.0.1/lib/libnet.so
7ff3fd834000-7ff3fd835000 rw-p 00015000 fe:01 824064                     /usr/lib/jvm/jdk-15.0.1/lib/libnet.so
7ff3fd835000-7ff3fd847000 r-xp 00000000 fe:01 824065                     /usr/lib/jvm/jdk-15.0.1/lib/libnio.so
7ff3fd847000-7ff3fd848000 r--p 00011000 fe:01 824065                     /usr/lib/jvm/jdk-15.0.1/lib/libnio.so
7ff3fd848000-7ff3fd849000 rw-p 00012000 fe:01 824065                     /usr/lib/jvm/jdk-15.0.1/lib/libnio.so
7ff3fd849000-7ff3fd84d000 ---p 00000000 00:00 0 
7ff3fd84d000-7ff3fd94a000 rw-p 00000000 00:00 0 
7ff3fd94a000-7ff3fd94b000 ---p 00000000 00:00 0 
7ff3fd94b000-7ff3fda4c000 rw-p 00000000 00:00 0 
7ff3fda4c000-7ff3fda50000 ---p 00000000 00:00 0 
7ff3fda50000-7ff3fdb4d000 rw-p 00000000 00:00 0 
7ff3fdb4d000-7ff3fdb51000 ---p 00000000 00:00 0 
7ff3fdb51000-7ff3fdc4e000 rw-p 00000000 00:00 0 
7ff3fdc4e000-7ff3fdc52000 ---p 00000000 00:00 0 
7ff3fdc52000-7ff3fdd4f000 rw-p 00000000 00:00 0 
7ff3fdd4f000-7ff3fdd53000 ---p 00000000 00:00 0 
7ff3fdd53000-7ff3fde50000 rw-p 00000000 00:00 0 
7ff3fde50000-7ff3fde54000 ---p 00000000 00:00 0 
7ff3fde54000-7ff3fdf51000 rw-p 00000000 00:00 0 
7ff3fdf51000-7ff3fdf55000 ---p 00000000 00:00 0 
7ff3fdf55000-7ff3fe052000 rw-p 00000000 00:00 0 
7ff3fe052000-7ff3fe0a3000 r--p 00000000 fe:01 21947                      /usr/lib/locale/aa_DJ.utf8/LC_CTYPE
7ff3fe0a3000-7ff3fe1d3000 r--p 00000000 fe:01 21946                      /usr/lib/locale/aa_DJ.utf8/LC_COLLATE
7ff3fe1d3000-7ff3fe1d7000 ---p 00000000 00:00 0 
7ff3fe1d7000-7ff3fe2d4000 rw-p 00000000 00:00 0 
7ff3fe2d4000-7ff3fe2d8000 ---p 00000000 00:00 0 
7ff3fe2d8000-7ff3fe3d5000 rw-p 00000000 00:00 0 
7ff3fe3d5000-7ff3fe3d6000 ---p 00000000 00:00 0 
7ff3fe3d6000-7ff3fe5f4000 rw-p 00000000 00:00 0 
7ff3fe5f4000-7ff3fedf4000 rw-p 00000000 00:00 0 
7ff3fedf4000-7ff3fedf5000 r--p 00000000 fe:01 22033                      /usr/lib/locale/aa_ET/LC_NUMERIC
7ff3fedf5000-7ff3fedf6000 r--p 00000000 fe:01 24008                      /usr/lib/locale/en_US.utf8/LC_TIME
7ff3fedf6000-7ff3fedf7000 r--p 00000000 fe:01 23637                      /usr/lib/locale/chr_US/LC_MONETARY
7ff3fedf7000-7ff3fee39000 rw-p 00000000 00:00 0 
7ff3fee39000-7ff3fee6b000 rw-p 00000000 00:00 0 
7ff3fee6b000-7ff3fee8d000 ---p 00000000 00:00 0 
7ff3fee8d000-7ff3fee93000 rw-p 00000000 00:00 0 
7ff3fee93000-7ff3fef78000 ---p 00000000 00:00 0 
7ff3fef78000-7ff3fef93000 rw-p 00000000 00:00 0 
7ff3fef93000-7ff3ff063000 ---p 00000000 00:00 0 
7ff3ff063000-7ff3ff06d000 r-xp 00000000 fe:01 1586                       /lib/x86_64-linux-gnu/libnss_files-2.24.so
7ff3ff06d000-7ff3ff26d000 ---p 0000a000 fe:01 1586                       /lib/x86_64-linux-gnu/libnss_files-2.24.so
7ff3ff26d000-7ff3ff26e000 r--p 0000a000 fe:01 1586                       /lib/x86_64-linux-gnu/libnss_files-2.24.so
7ff3ff26e000-7ff3ff26f000 rw-p 0000b000 fe:01 1586                       /lib/x86_64-linux-gnu/libnss_files-2.24.so
7ff3ff26f000-7ff3ff275000 rw-p 00000000 00:00 0 
7ff3ff275000-7ff3ff280000 r-xp 00000000 fe:01 1588                       /lib/x86_64-linux-gnu/libnss_nis-2.24.so
7ff3ff280000-7ff3ff47f000 ---p 0000b000 fe:01 1588                       /lib/x86_64-linux-gnu/libnss_nis-2.24.so
7ff3ff47f000-7ff3ff480000 r--p 0000a000 fe:01 1588                       /lib/x86_64-linux-gnu/libnss_nis-2.24.so
7ff3ff480000-7ff3ff481000 rw-p 0000b000 fe:01 1588                       /lib/x86_64-linux-gnu/libnss_nis-2.24.so
7ff3ff481000-7ff3ff495000 r-xp 00000000 fe:01 1582                       /lib/x86_64-linux-gnu/libnsl-2.24.so
7ff3ff495000-7ff3ff695000 ---p 00014000 fe:01 1582                       /lib/x86_64-linux-gnu/libnsl-2.24.so
7ff3ff695000-7ff3ff696000 r--p 00014000 fe:01 1582                       /lib/x86_64-linux-gnu/libnsl-2.24.so
7ff3ff696000-7ff3ff697000 rw-p 00015000 fe:01 1582                       /lib/x86_64-linux-gnu/libnsl-2.24.so
7ff3ff697000-7ff3ff699000 rw-p 00000000 00:00 0 
7ff3ff699000-7ff3ff6a0000 r-xp 00000000 fe:01 1583                       /lib/x86_64-linux-gnu/libnss_compat-2.24.so
7ff3ff6a0000-7ff3ff89f000 ---p 00007000 fe:01 1583                       /lib/x86_64-linux-gnu/libnss_compat-2.24.so
7ff3ff89f000-7ff3ff8a0000 r--p 00006000 fe:01 1583                       /lib/x86_64-linux-gnu/libnss_compat-2.24.so
7ff3ff8a0000-7ff3ff8a1000 rw-p 00007000 fe:01 1583                       /lib/x86_64-linux-gnu/libnss_compat-2.24.so
7ff3ff8a1000-7ff3ff8a8000 r-xp 00000000 fe:01 3108                       /lib/x86_64-linux-gnu/librt-2.24.so
7ff3ff8a8000-7ff3ffaa7000 ---p 00007000 fe:01 3108                       /lib/x86_64-linux-gnu/librt-2.24.so
7ff3ffaa7000-7ff3ffaa8000 r--p 00006000 fe:01 3108                       /lib/x86_64-linux-gnu/librt-2.24.so
7ff3ffaa8000-7ff3ffaa9000 rw-p 00007000 fe:01 3108                       /lib/x86_64-linux-gnu/librt-2.24.so
7ff3ffaa9000-7ff3ffbac000 r-xp 00000000 fe:01 1578                       /lib/x86_64-linux-gnu/libm-2.24.so
7ff3ffbac000-7ff3ffdab000 ---p 00103000 fe:01 1578                       /lib/x86_64-linux-gnu/libm-2.24.so
7ff3ffdab000-7ff3ffdac000 r--p 00102000 fe:01 1578                       /lib/x86_64-linux-gnu/libm-2.24.so
7ff3ffdac000-7ff3ffdad000 rw-p 00103000 fe:01 1578                       /lib/x86_64-linux-gnu/libm-2.24.so
7ff3ffdad000-7ff400df4000 r-xp 00000000 fe:01 956057                     /usr/lib/jvm/jdk-15.0.1/lib/server/libjvm.so
7ff400df4000-7ff400e8e000 r--p 01046000 fe:01 956057                     /usr/lib/jvm/jdk-15.0.1/lib/server/libjvm.so
7ff400e8e000-7ff400ec5000 rw-p 010e0000 fe:01 956057                     /usr/lib/jvm/jdk-15.0.1/lib/server/libjvm.so
7ff400ec5000-7ff400f4e000 rw-p 00000000 00:00 0 
7ff400f4e000-7ff4010e3000 r-xp 00000000 fe:01 1574                       /lib/x86_64-linux-gnu/libc-2.24.so
7ff4010e3000-7ff4012e3000 ---p 00195000 fe:01 1574                       /lib/x86_64-linux-gnu/libc-2.24.so
7ff4012e3000-7ff4012e7000 r--p 00195000 fe:01 1574                       /lib/x86_64-linux-gnu/libc-2.24.so
7ff4012e7000-7ff4012e9000 rw-p 00199000 fe:01 1574                       /lib/x86_64-linux-gnu/libc-2.24.so
7ff4012e9000-7ff4012ed000 rw-p 00000000 00:00 0 
7ff4012ed000-7ff4012f0000 r-xp 00000000 fe:01 1577                       /lib/x86_64-linux-gnu/libdl-2.24.so
7ff4012f0000-7ff4014ef000 ---p 00003000 fe:01 1577                       /lib/x86_64-linux-gnu/libdl-2.24.so
7ff4014ef000-7ff4014f0000 r--p 00002000 fe:01 1577                       /lib/x86_64-linux-gnu/libdl-2.24.so
7ff4014f0000-7ff4014f1000 rw-p 00003000 fe:01 1577                       /lib/x86_64-linux-gnu/libdl-2.24.so
7ff4014f1000-7ff401509000 r-xp 00000000 fe:01 3104                       /lib/x86_64-linux-gnu/libpthread-2.24.so
7ff401509000-7ff401708000 ---p 00018000 fe:01 3104                       /lib/x86_64-linux-gnu/libpthread-2.24.so
7ff401708000-7ff401709000 r--p 00017000 fe:01 3104                       /lib/x86_64-linux-gnu/libpthread-2.24.so
7ff401709000-7ff40170a000 rw-p 00018000 fe:01 3104                       /lib/x86_64-linux-gnu/libpthread-2.24.so
7ff40170a000-7ff40170e000 rw-p 00000000 00:00 0 
7ff40170e000-7ff401727000 r-xp 00000000 fe:01 4409                       /lib/x86_64-linux-gnu/libz.so.1.2.8
7ff401727000-7ff401926000 ---p 00019000 fe:01 4409                       /lib/x86_64-linux-gnu/libz.so.1.2.8
7ff401926000-7ff401927000 r--p 00018000 fe:01 4409                       /lib/x86_64-linux-gnu/libz.so.1.2.8
7ff401927000-7ff401928000 rw-p 00019000 fe:01 4409                       /lib/x86_64-linux-gnu/libz.so.1.2.8
7ff401928000-7ff40194b000 r-xp 00000000 fe:01 1569                       /lib/x86_64-linux-gnu/ld-2.24.so
7ff40194b000-7ff40194c000 r--p 00000000 fe:01 23853                      /usr/lib/locale/en_AG/LC_MESSAGES/SYS_LC_MESSAGES
7ff40194c000-7ff401953000 r--s 00000000 fe:01 6396                       /usr/lib/x86_64-linux-gnu/gconv/gconv-modules.cache
7ff401953000-7ff40196c000 rw-p 00000000 00:00 0 
7ff40196c000-7ff40197c000 ---p 00000000 00:00 0 
7ff40197c000-7ff4019af000 rw-p 00000000 00:00 0 
7ff4019af000-7ff4019d0000 ---p 00000000 00:00 0 
7ff4019d0000-7ff4019d6000 rw-p 00000000 00:00 0 
7ff4019d6000-7ff4019dd000 ---p 00000000 00:00 0 
7ff4019dd000-7ff401a01000 r-xp 00000000 fe:01 824051                     /usr/lib/jvm/jdk-15.0.1/lib/libjava.so
7ff401a01000-7ff401a02000 ---p 00024000 fe:01 824051                     /usr/lib/jvm/jdk-15.0.1/lib/libjava.so
7ff401a02000-7ff401a03000 r--p 00024000 fe:01 824051                     /usr/lib/jvm/jdk-15.0.1/lib/libjava.so
7ff401a03000-7ff401a04000 rw-p 00025000 fe:01 824051                     /usr/lib/jvm/jdk-15.0.1/lib/libjava.so
7ff401a04000-7ff401a05000 rw-p 00000000 00:00 0 
7ff401a05000-7ff401a0d000 rw-s 00000000 fe:01 2747                       /tmp/hsperfdata_root/2088
7ff401a0d000-7ff401a29000 r-xp 00000000 fe:01 824055                     /usr/lib/jvm/jdk-15.0.1/lib/libjimage.so
7ff401a29000-7ff401a2b000 r--p 0001b000 fe:01 824055                     /usr/lib/jvm/jdk-15.0.1/lib/libjimage.so
7ff401a2b000-7ff401a2c000 rw-p 0001d000 fe:01 824055                     /usr/lib/jvm/jdk-15.0.1/lib/libjimage.so
7ff401a2c000-7ff401a30000 ---p 00000000 00:00 0 
7ff401a30000-7ff401b2f000 rw-p 00000000 00:00 0 
7ff401b2f000-7ff401b3e000 r-xp 00000000 fe:01 824056                     /usr/lib/jvm/jdk-15.0.1/lib/libjli.so
7ff401b3e000-7ff401b3f000 r--p 0000e000 fe:01 824056                     /usr/lib/jvm/jdk-15.0.1/lib/libjli.so
7ff401b3f000-7ff401b40000 rw-p 0000f000 fe:01 824056                     /usr/lib/jvm/jdk-15.0.1/lib/libjli.so
7ff401b40000-7ff401b42000 rw-p 00000000 00:00 0 
7ff401b42000-7ff401b43000 r--p 00000000 fe:01 23639                      /usr/lib/locale/chr_US/LC_PAPER
7ff401b43000-7ff401b44000 r--p 00000000 fe:01 23638                      /usr/lib/locale/chr_US/LC_NAME
7ff401b44000-7ff401b45000 r--p 00000000 fe:01 24006                      /usr/lib/locale/en_US.utf8/LC_ADDRESS
7ff401b45000-7ff401b46000 r--p 00000000 fe:01 23640                      /usr/lib/locale/chr_US/LC_TELEPHONE
7ff401b46000-7ff401b47000 r--p 00000000 fe:01 23635                      /usr/lib/locale/chr_US/LC_MEASUREMENT
7ff401b47000-7ff401b48000 r--p 00000000 fe:01 24007                      /usr/lib/locale/en_US.utf8/LC_IDENTIFICATION
7ff401b48000-7ff401b49000 ---p 00000000 00:00 0 
7ff401b49000-7ff401b4a000 r--p 00000000 00:00 0 
7ff401b4a000-7ff401b4b000 ---p 00000000 00:00 0 
7ff401b4b000-7ff401b4c000 r--p 00023000 fe:01 1569                       /lib/x86_64-linux-gnu/ld-2.24.so
7ff401b4c000-7ff401b4d000 rw-p 00024000 fe:01 1569                       /lib/x86_64-linux-gnu/ld-2.24.so
7ff401b4d000-7ff401b4e000 rw-p 00000000 00:00 0 
7ffd61ccb000-7ffd61cec000 rw-p 00000000 00:00 0                          [stack]
7ffd61d7f000-7ffd61d81000 r--p 00000000 00:00 0                          [vvar]
7ffd61d81000-7ffd61d83000 r-xp 00000000 00:00 0                          [vdso]
ffffffffff600000-ffffffffff601000 r-xp 00000000 00:00 0                  [vsyscall]


VM Arguments:
jvm_args: -Dclassworlds.conf=/opt/maven/bin/m2.conf -Dmaven.home=/opt/maven -Dlibrary.jansi.path=/opt/maven/lib/jansi-native -Dmaven.multiModuleProjectDirectory=/root/cloud/quarkus-backend 
java_command: org.codehaus.plexus.classworlds.launcher.Launcher package clean
java_class_path (initial): /opt/maven/boot/plexus-classworlds-2.6.0.jar
Launcher Type: SUN_STANDARD

[Global flags]
     intx CICompilerCount                          = 2                                         {product} {ergonomic}
   size_t InitialHeapSize                          = 16777216                                  {product} {ergonomic}
   size_t MaxHeapSize                              = 262144000                                 {product} {ergonomic}
   size_t MaxNewSize                               = 87359488                                  {product} {ergonomic}
   size_t MinHeapDeltaBytes                        = 196608                                    {product} {ergonomic}
   size_t MinHeapSize                              = 8388608                                   {product} {ergonomic}
   size_t NewSize                                  = 5570560                                   {product} {ergonomic}
    uintx NonNMethodCodeHeapSize                   = 5826188                                {pd product} {ergonomic}
    uintx NonProfiledCodeHeapSize                  = 122916026                              {pd product} {ergonomic}
   size_t OldSize                                  = 11206656                                  {product} {ergonomic}
    uintx ProfiledCodeHeapSize                     = 122916026                              {pd product} {ergonomic}
    uintx ReservedCodeCacheSize                    = 251658240                              {pd product} {ergonomic}
     bool SegmentedCodeCache                       = true                                      {product} {ergonomic}
   size_t SoftMaxHeapSize                          = 262144000                              {manageable} {ergonomic}
     bool UseCompressedClassPointers               = true                                 {lp64_product} {ergonomic}
     bool UseCompressedOops                        = true                                 {lp64_product} {ergonomic}
     bool UseSerialGC                              = true                                      {product} {ergonomic}

Logging:
Log output configuration:
 #0: stdout all=warning uptime,level,tags
 #1: stderr all=off uptime,level,tags

Environment Variables:
JAVA_HOME=/usr/lib/jvm/jdk-15.0.1
PATH=/opt/maven/bin:/usr/local/sbin:/usr/local/bin:/usr/sbin:/usr/bin:/sbin:/bin
SHELL=/bin/bash
LANG=en_US.UTF-8

Signal Handlers:
SIGSEGV: [libjvm.so+0xd63670], sa_mask[0]=11111111011111111101111111111110, sa_flags=SA_RESTART|SA_SIGINFO
SIGBUS: [libjvm.so+0xd63670], sa_mask[0]=11111111011111111101111111111110, sa_flags=SA_RESTART|SA_SIGINFO
SIGFPE: [libjvm.so+0xd63670], sa_mask[0]=11111111011111111101111111111110, sa_flags=SA_RESTART|SA_SIGINFO
SIGPIPE: [libjvm.so+0xb410d0], sa_mask[0]=11111111011111111101111111111110, sa_flags=SA_RESTART|SA_SIGINFO
SIGXFSZ: [libjvm.so+0xb410d0], sa_mask[0]=11111111011111111101111111111110, sa_flags=SA_RESTART|SA_SIGINFO
SIGILL: [libjvm.so+0xd63670], sa_mask[0]=11111111011111111101111111111110, sa_flags=SA_RESTART|SA_SIGINFO
SIGUSR2: [libjvm.so+0xb40f70], sa_mask[0]=00000000000000000000000000000000, sa_flags=SA_RESTART|SA_SIGINFO
SIGHUP: [libjvm.so+0xb417e0], sa_mask[0]=11111111011111111101111111111110, sa_flags=SA_RESTART|SA_SIGINFO
SIGINT: [libjvm.so+0xb417e0], sa_mask[0]=11111111011111111101111111111110, sa_flags=SA_RESTART|SA_SIGINFO
SIGTERM: [libjvm.so+0xb417e0], sa_mask[0]=11111111011111111101111111111110, sa_flags=SA_RESTART|SA_SIGINFO
SIGQUIT: [libjvm.so+0xb417e0], sa_mask[0]=11111111011111111101111111111110, sa_flags=SA_RESTART|SA_SIGINFO


---------------  S Y S T E M  ---------------

OS:
PRETTY_NAME="Debian GNU/Linux 9 (stretch)"
NAME="Debian GNU/Linux"
VERSION_ID="9"
VERSION="9 (stretch)"
VERSION_CODENAME=stretch
ID=debian
HOME_URL="https://www.debian.org/"
SUPPORT_URL="https://www.debian.org/support"
BUG_REPORT_URL="https://bugs.debian.org/"
uname: Linux 4.9.0-12-amd64 #1 SMP Debian 4.9.210-1 (2020-01-20) x86_64
OS uptime: 263 days 22:20 hours
libc: glibc 2.24 NPTL 2.24 
rlimit (soft/hard): STACK 8192k/infinity , CORE 0k/infinity , NPROC 3899/3899 , NOFILE 1048576/1048576 , AS infinity/infinity , CPU infinity/infinity , DATA infinity/infinity , FSIZE infinity/infinity , MEMLOCK 64k/64k
load average: 2.49 0.64 0.27

/proc/meminfo:
MemTotal:        1020372 kB
MemFree:           50408 kB
MemAvailable:          0 kB
Buffers:             264 kB
Cached:            26076 kB
SwapCached:            0 kB
Active:           869124 kB
Inactive:          23924 kB
Active(anon):     867172 kB
Inactive(anon):    21712 kB
Active(file):       1952 kB
Inactive(file):     2212 kB
Unevictable:           0 kB
Mlocked:               0 kB
SwapTotal:             0 kB
SwapFree:              0 kB
Dirty:                 4 kB
Writeback:             0 kB
AnonPages:        866872 kB
Mapped:            14116 kB
Shmem:             22012 kB
Slab:              42088 kB
SReclaimable:      13240 kB
SUnreclaim:        28848 kB
KernelStack:        3904 kB
PageTables:         8436 kB
NFS_Unstable:          0 kB
Bounce:                0 kB
WritebackTmp:          0 kB
CommitLimit:      510184 kB
Committed_AS:    2047972 kB
VmallocTotal:   34359738367 kB
VmallocUsed:           0 kB
VmallocChunk:          0 kB
HardwareCorrupted:     0 kB
AnonHugePages:      6144 kB
ShmemHugePages:        0 kB
ShmemPmdMapped:        0 kB
HugePages_Total:       0
HugePages_Free:        0
HugePages_Rsvd:        0
HugePages_Surp:        0
Hugepagesize:       2048 kB
DirectMap4k:      149476 kB
DirectMap2M:      899072 kB
DirectMap1G:           0 kB

/sys/kernel/mm/transparent_hugepage/enabled: always [madvise] never
/sys/kernel/mm/transparent_hugepage/defrag (defrag/compaction efforts parameter): always defer [madvise] never

/proc/sys/kernel/threads-max (system-wide limit on the number of threads): 7798
/proc/sys/vm/max_map_count (maximum number of memory map areas a process may have): 65530
/proc/sys/kernel/pid_max (system-wide limit on number of process identifiers): 32768

container (cgroup) information:
container_type: cgroupv1
cpu_cpuset_cpus: 0
cpu_memory_nodes: 0
active_processor_count: 1
cpu_quota: no quota
cpu_period: 100000
cpu_shares: no shares
memory_limit_in_bytes: unlimited
memory_and_swap_limit_in_bytes: not supported
memory_soft_limit_in_bytes: unlimited
memory_usage_in_bytes: 268533760
memory_max_usage_in_bytes: 271372288

KVM virtualization detected
Steal ticks since vm start: 1
Steal ticks percentage since vm start:  0.000

CPU: total 1 (initial active 1) (1 cores per cpu, 1 threads per core) family 6 model 85 stepping 4 microcode 0x1, cmov, cx8, fxsr, mmx, sse, sse2, sse3, ssse3, sse4.1, sse4.2, popcnt, vzeroupper, avx, avx2, aes, clmul, erms, 3dnowpref, lzcnt, tsc, bmi1, bmi2, adx, fma, clflush, clflushopt, clwb
CPU Model and flags from /proc/cpuinfo:
model name	: Intel(R) Xeon(R) Gold 6140 CPU @ 2.30GHz
flags		: fpu vme de pse tsc msr pae mce cx8 apic sep mtrr pge mca cmov pat pse36 clflush mmx fxsr sse sse2 ss syscall nx pdpe1gb rdtscp lm constant_tsc arch_perfmon rep_good nopl pni pclmulqdq vmx ssse3 fma cx16 pcid sse4_1 sse4_2 x2apic movbe popcnt tsc_deadline_timer aes xsave avx f16c rdrand hypervisor lahf_lm abm 3dnowprefetch invpcid_single ssbd ibrs ibpb kaiser tpr_shadow vnmi flexpriority ept vpid fsgsbase tsc_adjust bmi1 avx2 smep bmi2 erms invpcid mpx avx512f avx512dq rdseed adx smap clflushopt clwb avx512cd avx512bw avx512vl xsaveopt xsavec xgetbv1 pku ospke md_clear

Online cpus: 0
Offline cpus: 
BIOS frequency limitation: <Not Available>
Frequency switch latency (ns): <Not Available>
Available cpu frequencies: <Not Available>
Current governor: <Not Available>
Core performance/turbo boost: <Not Available>

Memory: 4k page, physical 1020372k(49664k free), swap 0k(0k free)

vm_info: Java HotSpot(TM) 64-Bit Server VM (15.0.1+9-18) for linux-amd64 JRE (15.0.1+9-18), built on Sep 15 2020 13:35:21 by "mach5one" with gcc 9.2.0

END.
